SF:/home/runner/work/mostro/mostro/src/app.rs
FN:145,_RNCNCNvNtCsawjdjYzw0zz_7mostrod3app17check_trade_index00B7_
FN:279,_RNCNCNvNtCsawjdjYzw0zz_7mostrod3app21handle_message_action00B7_
FN:285,_RNCNCNvNtCsawjdjYzw0zz_7mostrod3app21handle_message_action0s0_0B7_
FN:288,_RNCNCNvNtCsawjdjYzw0zz_7mostrod3app21handle_message_action0s1_0B7_
FN:282,_RNCNCNvNtCsawjdjYzw0zz_7mostrod3app21handle_message_action0s_0B7_
FN:214,_RNCNCNvNtCsawjdjYzw0zz_7mostrod3app27handle_message_action_no_ln00B7_
FN:220,_RNCNCNvNtCsawjdjYzw0zz_7mostrod3app27handle_message_action_no_ln0s0_0B7_
FN:225,_RNCNCNvNtCsawjdjYzw0zz_7mostrod3app27handle_message_action_no_ln0s1_0B7_
FN:228,_RNCNCNvNtCsawjdjYzw0zz_7mostrod3app27handle_message_action_no_ln0s2_0B7_
FN:231,_RNCNCNvNtCsawjdjYzw0zz_7mostrod3app27handle_message_action_no_ln0s3_0B7_
FN:235,_RNCNCNvNtCsawjdjYzw0zz_7mostrod3app27handle_message_action_no_ln0s4_0B7_
FN:240,_RNCNCNvNtCsawjdjYzw0zz_7mostrod3app27handle_message_action_no_ln0s5_0B7_
FN:243,_RNCNCNvNtCsawjdjYzw0zz_7mostrod3app27handle_message_action_no_ln0s6_0B7_
FN:248,_RNCNCNvNtCsawjdjYzw0zz_7mostrod3app27handle_message_action_no_ln0s7_0B7_
FN:251,_RNCNCNvNtCsawjdjYzw0zz_7mostrod3app27handle_message_action_no_ln0s8_0B7_
FN:254,_RNCNCNvNtCsawjdjYzw0zz_7mostrod3app27handle_message_action_no_ln0s9_0B7_
FN:217,_RNCNCNvNtCsawjdjYzw0zz_7mostrod3app27handle_message_action_no_ln0s_0B7_
FN:257,_RNCNCNvNtCsawjdjYzw0zz_7mostrod3app27handle_message_action_no_ln0sa_0B7_
FN:258,_RNCNCNvNtCsawjdjYzw0zz_7mostrod3app27handle_message_action_no_ln0sb_0B7_
FN:94,_RNCNvNtCsawjdjYzw0zz_7mostrod3app13manage_errors0B5_
FN:128,_RNCNvNtCsawjdjYzw0zz_7mostrod3app17check_trade_index0B5_
FN:275,_RNCNvNtCsawjdjYzw0zz_7mostrod3app21handle_message_action0B5_
FN:209,_RNCNvNtCsawjdjYzw0zz_7mostrod3app27handle_message_action_no_ln0B5_
FN:300,_RNCNvNtCsawjdjYzw0zz_7mostrod3app3run0B5_
FN:465,_RNCNvNtNtCsawjdjYzw0zz_7mostrod3app5tests19create_test_message0B7_
FN:528,_RNCNvNtNtCsawjdjYzw0zz_7mostrod3app5testss_26test_manage_errors_cant_do0B7_
FN:540,_RNCNvNtNtCsawjdjYzw0zz_7mostrod3app5testss_33test_manage_errors_internal_error0B7_
FN:65,_RNvNtCsawjdjYzw0zz_7mostrod3app11warning_msg
FN:89,_RNvNtCsawjdjYzw0zz_7mostrod3app13manage_errors
FN:124,_RNvNtCsawjdjYzw0zz_7mostrod3app17check_trade_index
FN:268,_RNvNtCsawjdjYzw0zz_7mostrod3app21handle_message_action
FN:203,_RNvNtCsawjdjYzw0zz_7mostrod3app27handle_message_action_no_ln
FN:456,_RNvNtNtCsawjdjYzw0zz_7mostrod3app5tests16create_test_keys
FN:461,_RNvNtNtCsawjdjYzw0zz_7mostrod3app5tests19create_test_message
FN:473,_RNvNtNtCsawjdjYzw0zz_7mostrod3app5tests29create_test_unwrapped_message
FN:528,_RNvNtNtCsawjdjYzw0zz_7mostrod3app5testss_26test_manage_errors_cant_do
FN:487,_RNvNtNtCsawjdjYzw0zz_7mostrod3app5testss_32test_warning_msg_all_error_types
FN:540,_RNvNtNtCsawjdjYzw0zz_7mostrod3app5testss_33test_manage_errors_internal_error
FN:919,_RNvNtNtNtCsawjdjYzw0zz_7mostrod3app5tests24message_validation_testss_25test_timestamp_validation
FN:937,_RNvNtNtNtCsawjdjYzw0zz_7mostrod3app5tests24message_validation_testss_27test_pow_verification_logic
FN:905,_RNvNtNtNtCsawjdjYzw0zz_7mostrod3app5tests24message_validation_testss_33test_signature_verification_logic
FN:599,_RNCNvNtNtNtCsawjdjYzw0zz_7mostrod3app5tests23check_trade_index_tests11insert_user0B9_
FN:558,_RNCNvNtNtNtCsawjdjYzw0zz_7mostrod3app5tests23check_trade_index_tests15create_test_ctx0B9_
FN:586,_RNCNvNtNtNtCsawjdjYzw0zz_7mostrod3app5tests23check_trade_index_tests19create_migrated_ctx0B9_
FN:643,_RNCNvNtNtNtCsawjdjYzw0zz_7mostrod3app5tests23check_trade_index_testss_39known_user_with_stale_index_is_rejected0B9_
FN:729,_RNCNvNtNtNtCsawjdjYzw0zz_7mostrod3app5tests23check_trade_index_testss_39test_check_trade_index_with_valid_index0B9_
FN:673,_RNCNvNtNtNtCsawjdjYzw0zz_7mostrod3app5tests23check_trade_index_testss_40known_user_missing_signature_is_rejected0B9_
FN:701,_RNCNvNtNtNtCsawjdjYzw0zz_7mostrod3app5tests23check_trade_index_testss_40unknown_user_with_index_zero_is_rejected0B9_
FN:567,_RNCNvNtNtNtCsawjdjYzw0zz_7mostrod3app5tests23check_trade_index_testss_41test_check_trade_index_non_trading_action0B9_
FN:656,_RNCNvNtNtNtCsawjdjYzw0zz_7mostrod3app5tests23check_trade_index_testss_43known_user_with_wrong_signature_is_rejected0B9_
FN:714,_RNCNvNtNtNtCsawjdjYzw0zz_7mostrod3app5tests23check_trade_index_testss_43unknown_user_with_valid_index_is_registered0B9_
FN:687,_RNCNvNtNtNtCsawjdjYzw0zz_7mostrod3app5tests23check_trade_index_testss_45known_user_with_index_zero_skips_index_checks0B9_
FN:577,_RNCNvNtNtNtCsawjdjYzw0zz_7mostrod3app5tests23check_trade_index_testss_46test_check_trade_index_trading_action_no_index0B9_
FN:630,_RNCNvNtNtNtCsawjdjYzw0zz_7mostrod3app5tests23check_trade_index_testss_54known_user_with_fresh_index_and_valid_signature_passes0B9_
FN:599,_RNvNtNtNtCsawjdjYzw0zz_7mostrod3app5tests23check_trade_index_tests11insert_user
FN:558,_RNvNtNtNtCsawjdjYzw0zz_7mostrod3app5tests23check_trade_index_tests15create_test_ctx
FN:586,_RNvNtNtNtCsawjdjYzw0zz_7mostrod3app5tests23check_trade_index_tests19create_migrated_ctx
FN:614,_RNvNtNtNtCsawjdjYzw0zz_7mostrod3app5tests23check_trade_index_tests24signed_event_and_message
FN:643,_RNvNtNtNtCsawjdjYzw0zz_7mostrod3app5tests23check_trade_index_testss_39known_user_with_stale_index_is_rejected
FN:729,_RNvNtNtNtCsawjdjYzw0zz_7mostrod3app5tests23check_trade_index_testss_39test_check_trade_index_with_valid_index
FN:673,_RNvNtNtNtCsawjdjYzw0zz_7mostrod3app5tests23check_trade_index_testss_40known_user_missing_signature_is_rejected
FN:701,_RNvNtNtNtCsawjdjYzw0zz_7mostrod3app5tests23check_trade_index_testss_40unknown_user_with_index_zero_is_rejected
FN:567,_RNvNtNtNtCsawjdjYzw0zz_7mostrod3app5tests23check_trade_index_testss_41test_check_trade_index_non_trading_action
FN:656,_RNvNtNtNtCsawjdjYzw0zz_7mostrod3app5tests23check_trade_index_testss_43known_user_with_wrong_signature_is_rejected
FN:714,_RNvNtNtNtCsawjdjYzw0zz_7mostrod3app5tests23check_trade_index_testss_43unknown_user_with_valid_index_is_registered
FN:687,_RNvNtNtNtCsawjdjYzw0zz_7mostrod3app5tests23check_trade_index_testss_45known_user_with_index_zero_skips_index_checks
FN:577,_RNvNtNtNtCsawjdjYzw0zz_7mostrod3app5tests23check_trade_index_testss_46test_check_trade_index_trading_action_no_index
FN:630,_RNvNtNtNtCsawjdjYzw0zz_7mostrod3app5tests23check_trade_index_testss_54known_user_with_fresh_index_and_valid_signature_passes
FN:803,_RNCNvNtNtNtCsawjdjYzw0zz_7mostrod3app5tests27handle_message_action_testss_45routes_orders_to_handler_and_propagates_error0B9_
FN:873,_RNCNvNtNtNtCsawjdjYzw0zz_7mostrod3app5tests27handle_message_action_testss_47routes_payinvoice_to_typed_invalid_action_error0B9_
FN:779,_RNCNvNtNtNtCsawjdjYzw0zz_7mostrod3app5tests27handle_message_action_testss_48routes_restore_session_to_handler_and_returns_ok0B9_
FN:753,_RNCNvNtNtNtCsawjdjYzw0zz_7mostrod3app5tests27handle_message_action_testss_55routes_last_trade_index_to_handler_and_propagates_error0B9_
FN:828,_RNCNvNtNtNtCsawjdjYzw0zz_7mostrod3app5tests27handle_message_action_testss_58routes_every_no_ln_action_to_its_handler_without_panicking0B9_
FN:748,_RNvNtNtNtCsawjdjYzw0zz_7mostrod3app5tests27handle_message_action_tests30create_restore_session_message
FN:803,_RNvNtNtNtCsawjdjYzw0zz_7mostrod3app5tests27handle_message_action_testss_45routes_orders_to_handler_and_propagates_error
FN:873,_RNvNtNtNtCsawjdjYzw0zz_7mostrod3app5tests27handle_message_action_testss_47routes_payinvoice_to_typed_invalid_action_error
FN:779,_RNvNtNtNtCsawjdjYzw0zz_7mostrod3app5tests27handle_message_action_testss_48routes_restore_session_to_handler_and_returns_ok
FN:753,_RNvNtNtNtCsawjdjYzw0zz_7mostrod3app5tests27handle_message_action_testss_55routes_last_trade_index_to_handler_and_propagates_error
FN:828,_RNvNtNtNtCsawjdjYzw0zz_7mostrod3app5tests27handle_message_action_testss_58routes_every_no_ln_action_to_its_handler_without_panicking
FN:967,_RNvNtNtNtCsawjdjYzw0zz_7mostrod3app5tests22event_processing_testss_30test_message_parsing_structure
FN:953,_RNvNtNtNtCsawjdjYzw0zz_7mostrod3app5tests22event_processing_testss_35test_gift_wrap_processing_structure
FN:300,_RNvNtCsawjdjYzw0zz_7mostrod3app3run
FNDA:1,_RNCNCNvNtCsawjdjYzw0zz_7mostrod3app17check_trade_index00B7_
FNDA:0,_RNCNCNvNtCsawjdjYzw0zz_7mostrod3app21handle_message_action00B7_
FNDA:0,_RNCNCNvNtCsawjdjYzw0zz_7mostrod3app21handle_message_action0s0_0B7_
FNDA:0,_RNCNCNvNtCsawjdjYzw0zz_7mostrod3app21handle_message_action0s1_0B7_
FNDA:0,_RNCNCNvNtCsawjdjYzw0zz_7mostrod3app21handle_message_action0s_0B7_
FNDA:0,_RNCNCNvNtCsawjdjYzw0zz_7mostrod3app27handle_message_action_no_ln00B7_
FNDA:1,_RNCNCNvNtCsawjdjYzw0zz_7mostrod3app27handle_message_action_no_ln0s0_0B7_
FNDA:1,_RNCNCNvNtCsawjdjYzw0zz_7mostrod3app27handle_message_action_no_ln0s1_0B7_
FNDA:1,_RNCNCNvNtCsawjdjYzw0zz_7mostrod3app27handle_message_action_no_ln0s2_0B7_
FNDA:1,_RNCNCNvNtCsawjdjYzw0zz_7mostrod3app27handle_message_action_no_ln0s3_0B7_
FNDA:1,_RNCNCNvNtCsawjdjYzw0zz_7mostrod3app27handle_message_action_no_ln0s4_0B7_
FNDA:1,_RNCNCNvNtCsawjdjYzw0zz_7mostrod3app27handle_message_action_no_ln0s5_0B7_
FNDA:1,_RNCNCNvNtCsawjdjYzw0zz_7mostrod3app27handle_message_action_no_ln0s6_0B7_
FNDA:1,_RNCNCNvNtCsawjdjYzw0zz_7mostrod3app27handle_message_action_no_ln0s7_0B7_
FNDA:1,_RNCNCNvNtCsawjdjYzw0zz_7mostrod3app27handle_message_action_no_ln0s8_0B7_
FNDA:1,_RNCNCNvNtCsawjdjYzw0zz_7mostrod3app27handle_message_action_no_ln0s9_0B7_
FNDA:1,_RNCNCNvNtCsawjdjYzw0zz_7mostrod3app27handle_message_action_no_ln0s_0B7_
FNDA:0,_RNCNCNvNtCsawjdjYzw0zz_7mostrod3app27handle_message_action_no_ln0sa_0B7_
FNDA:1,_RNCNCNvNtCsawjdjYzw0zz_7mostrod3app27handle_message_action_no_ln0sb_0B7_
FNDA:3,_RNCNvNtCsawjdjYzw0zz_7mostrod3app13manage_errors0B5_
FNDA:10,_RNCNvNtCsawjdjYzw0zz_7mostrod3app17check_trade_index0B5_
FNDA:0,_RNCNvNtCsawjdjYzw0zz_7mostrod3app21handle_message_action0B5_
FNDA:16,_RNCNvNtCsawjdjYzw0zz_7mostrod3app27handle_message_action_no_ln0B5_
FNDA:0,_RNCNvNtCsawjdjYzw0zz_7mostrod3app3run0B5_
FNDA:7,_RNCNvNtNtCsawjdjYzw0zz_7mostrod3app5tests19create_test_message0B7_
FNDA:1,_RNCNvNtNtCsawjdjYzw0zz_7mostrod3app5testss_26test_manage_errors_cant_do0B7_
FNDA:1,_RNCNvNtNtCsawjdjYzw0zz_7mostrod3app5testss_33test_manage_errors_internal_error0B7_
FNDA:12,_RNvNtCsawjdjYzw0zz_7mostrod3app11warning_msg
FNDA:3,_RNvNtCsawjdjYzw0zz_7mostrod3app13manage_errors
FNDA:10,_RNvNtCsawjdjYzw0zz_7mostrod3app17check_trade_index
FNDA:0,_RNvNtCsawjdjYzw0zz_7mostrod3app21handle_message_action
FNDA:16,_RNvNtCsawjdjYzw0zz_7mostrod3app27handle_message_action_no_ln
FNDA:43,_RNvNtNtCsawjdjYzw0zz_7mostrod3app5tests16create_test_keys
FNDA:40,_RNvNtNtCsawjdjYzw0zz_7mostrod3app5tests19create_test_message
FNDA:13,_RNvNtNtCsawjdjYzw0zz_7mostrod3app5tests29create_test_unwrapped_message
FNDA:1,_RNvNtNtCsawjdjYzw0zz_7mostrod3app5testss_26test_manage_errors_cant_do
FNDA:1,_RNvNtNtCsawjdjYzw0zz_7mostrod3app5testss_32test_warning_msg_all_error_types
FNDA:1,_RNvNtNtCsawjdjYzw0zz_7mostrod3app5testss_33test_manage_errors_internal_error
FNDA:1,_RNvNtNtNtCsawjdjYzw0zz_7mostrod3app5tests24message_validation_testss_25test_timestamp_validation
FNDA:1,_RNvNtNtNtCsawjdjYzw0zz_7mostrod3app5tests24message_validation_testss_27test_pow_verification_logic
FNDA:1,_RNvNtNtNtCsawjdjYzw0zz_7mostrod3app5tests24message_validation_testss_33test_signature_verification_logic
FNDA:5,_RNCNvNtNtNtCsawjdjYzw0zz_7mostrod3app5tests23check_trade_index_tests11insert_user0B9_
FNDA:3,_RNCNvNtNtNtCsawjdjYzw0zz_7mostrod3app5tests23check_trade_index_tests15create_test_ctx0B9_
FNDA:7,_RNCNvNtNtNtCsawjdjYzw0zz_7mostrod3app5tests23check_trade_index_tests19create_migrated_ctx0B9_
FNDA:1,_RNCNvNtNtNtCsawjdjYzw0zz_7mostrod3app5tests23check_trade_index_testss_39known_user_with_stale_index_is_rejected0B9_
FNDA:1,_RNCNvNtNtNtCsawjdjYzw0zz_7mostrod3app5tests23check_trade_index_testss_39test_check_trade_index_with_valid_index0B9_
FNDA:1,_RNCNvNtNtNtCsawjdjYzw0zz_7mostrod3app5tests23check_trade_index_testss_40known_user_missing_signature_is_rejected0B9_
FNDA:1,_RNCNvNtNtNtCsawjdjYzw0zz_7mostrod3app5tests23check_trade_index_testss_40unknown_user_with_index_zero_is_rejected0B9_
FNDA:1,_RNCNvNtNtNtCsawjdjYzw0zz_7mostrod3app5tests23check_trade_index_testss_41test_check_trade_index_non_trading_action0B9_
FNDA:1,_RNCNvNtNtNtCsawjdjYzw0zz_7mostrod3app5tests23check_trade_index_testss_43known_user_with_wrong_signature_is_rejected0B9_
FNDA:1,_RNCNvNtNtNtCsawjdjYzw0zz_7mostrod3app5tests23check_trade_index_testss_43unknown_user_with_valid_index_is_registered0B9_
FNDA:1,_RNCNvNtNtNtCsawjdjYzw0zz_7mostrod3app5tests23check_trade_index_testss_45known_user_with_index_zero_skips_index_checks0B9_
FNDA:1,_RNCNvNtNtNtCsawjdjYzw0zz_7mostrod3app5tests23check_trade_index_testss_46test_check_trade_index_trading_action_no_index0B9_
FNDA:1,_RNCNvNtNtNtCsawjdjYzw0zz_7mostrod3app5tests23check_trade_index_testss_54known_user_with_fresh_index_and_valid_signature_passes0B9_
FNDA:5,_RNvNtNtNtCsawjdjYzw0zz_7mostrod3app5tests23check_trade_index_tests11insert_user
FNDA:3,_RNvNtNtNtCsawjdjYzw0zz_7mostrod3app5tests23check_trade_index_tests15create_test_ctx
FNDA:7,_RNvNtNtNtCsawjdjYzw0zz_7mostrod3app5tests23check_trade_index_tests19create_migrated_ctx
FNDA:4,_RNvNtNtNtCsawjdjYzw0zz_7mostrod3app5tests23check_trade_index_tests24signed_event_and_message
FNDA:1,_RNvNtNtNtCsawjdjYzw0zz_7mostrod3app5tests23check_trade_index_testss_39known_user_with_stale_index_is_rejected
FNDA:1,_RNvNtNtNtCsawjdjYzw0zz_7mostrod3app5tests23check_trade_index_testss_39test_check_trade_index_with_valid_index
FNDA:1,_RNvNtNtNtCsawjdjYzw0zz_7mostrod3app5tests23check_trade_index_testss_40known_user_missing_signature_is_rejected
FNDA:1,_RNvNtNtNtCsawjdjYzw0zz_7mostrod3app5tests23check_trade_index_testss_40unknown_user_with_index_zero_is_rejected
FNDA:1,_RNvNtNtNtCsawjdjYzw0zz_7mostrod3app5tests23check_trade_index_testss_41test_check_trade_index_non_trading_action
FNDA:1,_RNvNtNtNtCsawjdjYzw0zz_7mostrod3app5tests23check_trade_index_testss_43known_user_with_wrong_signature_is_rejected
FNDA:1,_RNvNtNtNtCsawjdjYzw0zz_7mostrod3app5tests23check_trade_index_testss_43unknown_user_with_valid_index_is_registered
FNDA:1,_RNvNtNtNtCsawjdjYzw0zz_7mostrod3app5tests23check_trade_index_testss_45known_user_with_index_zero_skips_index_checks
FNDA:1,_RNvNtNtNtCsawjdjYzw0zz_7mostrod3app5tests23check_trade_index_testss_46test_check_trade_index_trading_action_no_index
FNDA:1,_RNvNtNtNtCsawjdjYzw0zz_7mostrod3app5tests23check_trade_index_testss_54known_user_with_fresh_index_and_valid_signature_passes
FNDA:1,_RNCNvNtNtNtCsawjdjYzw0zz_7mostrod3app5tests27handle_message_action_testss_45routes_orders_to_handler_and_propagates_error0B9_
FNDA:1,_RNCNvNtNtNtCsawjdjYzw0zz_7mostrod3app5tests27handle_message_action_testss_47routes_payinvoice_to_typed_invalid_action_error0B9_
FNDA:1,_RNCNvNtNtNtCsawjdjYzw0zz_7mostrod3app5tests27handle_message_action_testss_48routes_restore_session_to_handler_and_returns_ok0B9_
FNDA:1,_RNCNvNtNtNtCsawjdjYzw0zz_7mostrod3app5tests27handle_message_action_testss_55routes_last_trade_index_to_handler_and_propagates_error0B9_
FNDA:1,_RNCNvNtNtNtCsawjdjYzw0zz_7mostrod3app5tests27handle_message_action_testss_58routes_every_no_ln_action_to_its_handler_without_panicking0B9_
FNDA:1,_RNvNtNtNtCsawjdjYzw0zz_7mostrod3app5tests27handle_message_action_tests30create_restore_session_message
FNDA:1,_RNvNtNtNtCsawjdjYzw0zz_7mostrod3app5tests27handle_message_action_testss_45routes_orders_to_handler_and_propagates_error
FNDA:1,_RNvNtNtNtCsawjdjYzw0zz_7mostrod3app5tests27handle_message_action_testss_47routes_payinvoice_to_typed_invalid_action_error
FNDA:1,_RNvNtNtNtCsawjdjYzw0zz_7mostrod3app5tests27handle_message_action_testss_48routes_restore_session_to_handler_and_returns_ok
FNDA:1,_RNvNtNtNtCsawjdjYzw0zz_7mostrod3app5tests27handle_message_action_testss_55routes_last_trade_index_to_handler_and_propagates_error
FNDA:1,_RNvNtNtNtCsawjdjYzw0zz_7mostrod3app5tests27handle_message_action_testss_58routes_every_no_ln_action_to_its_handler_without_panicking
FNDA:1,_RNvNtNtNtCsawjdjYzw0zz_7mostrod3app5tests22event_processing_testss_30test_message_parsing_structure
FNDA:1,_RNvNtNtNtCsawjdjYzw0zz_7mostrod3app5tests22event_processing_testss_35test_gift_wrap_processing_structure
FNDA:0,_RNvNtCsawjdjYzw0zz_7mostrod3app3run
FNF:82
FNH:72
DA:65,12
DA:66,12
DA:67,1
DA:68,1
DA:69,1
DA:70,1
DA:71,2
DA:72,1
DA:73,1
DA:74,1
DA:75,1
DA:76,1
DA:77,1
DA:80,12
DA:86,12
DA:89,3
DA:90,3
DA:91,3
DA:92,3
DA:93,3
DA:94,3
DA:95,3
DA:96,2
DA:97,2
DA:98,2
DA:99,2
DA:100,2
DA:101,2
DA:102,2
DA:103,2
DA:104,2
DA:106,1
DA:108,3
DA:124,10
DA:125,10
DA:126,10
DA:127,10
DA:128,10
DA:129,10
DA:130,10
DA:133,1
DA:134,10
DA:137,1
DA:138,9
DA:141,9
DA:142,5
DA:143,5
DA:145,4
DA:146,1
DA:147,1
DA:148,1
DA:150,3
DA:151,1
DA:152,1
DA:153,1
DA:154,1
DA:155,1
DA:156,1
DA:157,1
DA:158,1
DA:159,1
DA:160,2
DA:161,2
DA:162,2
DA:163,0
DA:164,0
DA:168,0
DA:169,0
DA:170,0
DA:173,2
DA:174,1
DA:175,1
DA:176,1
DA:177,1
DA:178,2
DA:181,4
DA:183,3
DA:184,1
DA:185,2
DA:186,2
DA:187,2
DA:188,2
DA:189,2
DA:190,2
DA:191,2
DA:192,2
DA:193,1
DA:194,1
DA:195,1
DA:196,0
DA:197,1
DA:198,2
DA:201,10
DA:203,16
DA:204,16
DA:205,16
DA:206,16
DA:207,16
DA:208,16
DA:209,16
DA:210,16
DA:212,1
DA:213,1
DA:214,1
DA:215,1
DA:216,1
DA:217,1
DA:218,1
DA:219,1
DA:220,1
DA:223,1
DA:224,1
DA:225,1
DA:226,1
DA:227,1
DA:228,1
DA:229,1
DA:230,1
DA:231,1
DA:232,1
DA:233,1
DA:234,1
DA:235,1
DA:238,1
DA:239,1
DA:240,1
DA:241,1
DA:242,1
DA:243,1
DA:246,1
DA:247,1
DA:248,1
DA:249,1
DA:250,1
DA:251,1
DA:252,1
DA:253,1
DA:254,1
DA:255,1
DA:256,1
DA:257,1
DA:258,1
DA:260,1
DA:261,1
DA:264,16
DA:268,0
DA:269,0
DA:270,0
DA:271,0
DA:272,0
DA:273,0
DA:274,0
DA:275,0
DA:276,0
DA:277,0
DA:278,0
DA:279,0
DA:280,0
DA:281,0
DA:282,0
DA:283,0
DA:284,0
DA:285,0
DA:286,0
DA:287,0
DA:288,0
DA:289,0
DA:291,0
DA:300,0
DA:301,0
DA:302,0
DA:303,0
DA:310,0
DA:316,0
DA:317,0
DA:320,0
DA:322,0
DA:323,0
DA:325,0
DA:327,0
DA:328,0
DA:329,0
DA:330,0
DA:335,0
DA:336,0
DA:337,0
DA:340,0
DA:341,0
DA:342,0
DA:343,0
DA:350,0
DA:351,0
DA:353,0
DA:358,0
DA:359,0
DA:360,0
DA:361,0
DA:364,0
DA:365,0
DA:366,0
DA:374,0
DA:375,0
DA:377,0
DA:378,0
DA:379,0
DA:380,0
DA:384,0
DA:385,0
DA:386,0
DA:387,0
DA:388,0
DA:389,0
DA:390,0
DA:391,0
DA:397,0
DA:398,0
DA:403,0
DA:404,0
DA:407,0
DA:409,0
DA:410,0
DA:411,0
DA:412,0
DA:414,0
DA:415,0
DA:416,0
DA:417,0
DA:418,0
DA:419,0
DA:420,0
DA:421,0
DA:422,0
DA:424,0
DA:426,0
DA:427,0
DA:428,0
DA:430,0
DA:431,0
DA:432,0
DA:433,0
DA:434,0
DA:438,0
DA:439,0
DA:440,0
DA:441,0
DA:442,0
DA:456,43
DA:457,43
DA:458,43
DA:461,40
DA:462,40
DA:463,40
DA:464,40
DA:465,40
DA:466,40
DA:467,40
DA:469,40
DA:473,13
DA:474,13
DA:475,13
DA:477,13
DA:478,13
DA:479,13
DA:480,13
DA:481,13
DA:482,13
DA:483,13
DA:484,13
DA:487,1
DA:488,1
DA:491,1
DA:492,1
DA:493,1
DA:494,1
DA:496,1
DA:497,1
DA:498,1
DA:500,1
DA:501,1
DA:502,1
DA:503,1
DA:505,1
DA:506,1
DA:507,1
DA:509,1
DA:510,1
DA:511,1
DA:513,1
DA:514,1
DA:515,1
DA:517,1
DA:518,1
DA:519,1
DA:520,1
DA:524,1
DA:525,1
DA:528,1
DA:529,1
DA:530,1
DA:531,1
DA:533,1
DA:534,1
DA:537,1
DA:540,1
DA:541,1
DA:542,1
DA:543,1
DA:545,1
DA:546,1
DA:547,1
DA:550,1
DA:558,3
DA:559,3
DA:560,3
DA:561,3
DA:562,3
DA:563,3
DA:564,3
DA:567,1
DA:568,1
DA:569,1
DA:570,1
DA:572,1
DA:573,1
DA:574,1
DA:577,1
DA:578,1
DA:579,1
DA:580,1
DA:582,1
DA:583,1
DA:584,1
DA:586,7
DA:587,7
DA:588,7
DA:589,7
DA:590,7
DA:591,7
DA:592,7
DA:593,7
DA:594,7
DA:595,7
DA:596,7
DA:599,5
DA:600,5
DA:601,5
DA:602,5
DA:603,5
DA:604,5
DA:605,5
DA:606,5
DA:607,5
DA:608,5
DA:609,5
DA:610,5
DA:614,4
DA:615,4
DA:616,4
DA:617,4
DA:618,4
DA:619,4
DA:620,4
DA:621,4
DA:622,4
DA:623,4
DA:624,4
DA:625,4
DA:626,4
DA:627,4
DA:630,1
DA:631,1
DA:632,1
DA:633,1
DA:635,1
DA:636,1
DA:637,1
DA:638,1
DA:639,1
DA:640,1
DA:643,1
DA:644,1
DA:645,1
DA:646,1
DA:648,1
DA:649,1
DA:650,1
DA:651,1
DA:652,1
DA:653,1
DA:656,1
DA:657,1
DA:658,1
DA:661,1
DA:662,1
DA:663,1
DA:665,1
DA:666,1
DA:667,1
DA:668,1
DA:669,1
DA:670,1
DA:673,1
DA:674,1
DA:675,1
DA:676,1
DA:677,1
DA:679,1
DA:680,1
DA:681,1
DA:682,1
DA:683,1
DA:684,1
DA:687,1
DA:688,1
DA:689,1
DA:690,1
DA:691,1
DA:692,1
DA:694,1
DA:696,1
DA:697,1
DA:698,1
DA:701,1
DA:702,1
DA:703,1
DA:704,1
DA:706,1
DA:707,1
DA:708,1
DA:709,1
DA:710,1
DA:711,1
DA:714,1
DA:715,1
DA:716,1
DA:717,1
DA:719,1
DA:720,1
DA:722,1
DA:723,1
DA:724,1
DA:725,1
DA:726,1
DA:729,1
DA:730,1
DA:731,1
DA:732,1
DA:736,1
DA:738,1
DA:739,1
DA:748,1
DA:749,1
DA:750,1
DA:753,1
DA:754,1
DA:755,1
DA:756,1
DA:757,1
DA:758,1
DA:760,1
DA:761,1
DA:762,1
DA:763,1
DA:765,1
DA:766,1
DA:767,1
DA:769,1
DA:770,1
DA:771,1
DA:775,1
DA:776,1
DA:779,1
DA:780,1
DA:781,1
DA:782,1
DA:783,1
DA:784,1
DA:786,1
DA:787,1
DA:788,1
DA:789,1
DA:791,1
DA:792,1
DA:793,1
DA:795,1
DA:796,1
DA:797,1
DA:799,1
DA:800,1
DA:803,1
DA:804,1
DA:805,1
DA:806,1
DA:807,1
DA:808,1
DA:810,1
DA:811,1
DA:812,1
DA:813,1
DA:815,1
DA:816,1
DA:817,1
DA:819,1
DA:820,1
DA:824,1
DA:825,1
DA:828,1
DA:831,1
DA:832,1
DA:834,1
DA:835,1
DA:836,1
DA:837,1
DA:838,1
DA:840,1
DA:841,1
DA:842,1
DA:843,1
DA:845,1
DA:846,1
DA:852,12
DA:853,1
DA:854,1
DA:855,1
DA:856,1
DA:857,1
DA:858,1
DA:859,1
DA:860,1
DA:861,1
DA:862,1
DA:863,1
DA:864,1
DA:865,1
DA:866,1
DA:867,12
DA:868,12
DA:869,1
DA:870,1
DA:873,1
DA:874,1
DA:875,1
DA:876,1
DA:877,1
DA:878,1
DA:880,1
DA:881,1
DA:882,1
DA:883,1
DA:885,1
DA:886,1
DA:887,1
DA:889,1
DA:890,1
DA:892,1
DA:893,1
DA:894,1
DA:895,1
DA:896,1
DA:897,1
DA:898,1
DA:905,1
DA:906,1
DA:907,1
DA:910,1
DA:911,1
DA:914,1
DA:915,1
DA:916,1
DA:919,1
DA:920,1
DA:921,1
DA:922,1
DA:924,1
DA:925,1
DA:926,1
DA:927,1
DA:930,1
DA:933,1
DA:934,1
DA:937,1
DA:941,1
DA:942,1
DA:944,1
DA:945,1
DA:946,1
DA:953,1
DA:955,1
DA:957,1
DA:958,1
DA:959,1
DA:960,1
DA:961,1
DA:962,0
DA:964,1
DA:967,1
DA:969,1
DA:971,1
DA:972,1
DA:973,1
DA:977,1
DA:980,1
DA:982,0
DA:983,0
DA:984,0
DA:985,0
DA:987,1
BRF:0
BRH:0
LF:695
LH:575
end_of_record
SF:/home/runner/work/mostro/mostro/src/app/add_invoice.rs
FN:21,_RNCNCNvNtNtCsawjdjYzw0zz_7mostrod3app11add_invoice15pay_new_invoice00B9_
FN:80,_RNCNCNvNtNtCsawjdjYzw0zz_7mostrod3app11add_invoice18add_invoice_action00B9_
FN:15,_RNCNvNtNtCsawjdjYzw0zz_7mostrod3app11add_invoice15pay_new_invoice0B7_
FN:39,_RNCNvNtNtCsawjdjYzw0zz_7mostrod3app11add_invoice18add_invoice_action0B7_
FN:11,_RNvNtNtCsawjdjYzw0zz_7mostrod3app11add_invoice15pay_new_invoice
FN:34,_RNvNtNtCsawjdjYzw0zz_7mostrod3app11add_invoice18add_invoice_action
FN:204,_RNCNCNvNtNtNtCsawjdjYzw0zz_7mostrod3app11add_invoice5tests18queued_actions_for00Bb_
FN:205,_RNCNCNvNtNtNtCsawjdjYzw0zz_7mostrod3app11add_invoice5tests18queued_actions_for0s_0Bb_
FN:138,_RNCNvNtNtNtCsawjdjYzw0zz_7mostrod3app11add_invoice5tests10setup_pool0B9_
FN:198,_RNCNvNtNtNtCsawjdjYzw0zz_7mostrod3app11add_invoice5tests18queued_actions_for0B9_
FN:210,_RNCNvNtNtNtCsawjdjYzw0zz_7mostrod3app11add_invoice5testss_43add_invoice_action_fails_when_order_missing0B9_
FN:228,_RNCNvNtNtNtCsawjdjYzw0zz_7mostrod3app11add_invoice5testss_43add_invoice_action_rejects_non_buyer_sender0B9_
FN:251,_RNCNvNtNtNtCsawjdjYzw0zz_7mostrod3app11add_invoice5testss_44add_invoice_action_rejects_disallowed_status0B9_
FN:337,_RNCNvNtNtNtCsawjdjYzw0zz_7mostrod3app11add_invoice5testss_58add_invoice_action_without_preimage_hits_hold_invoice_seam0B9_
FN:307,_RNCNvNtNtNtCsawjdjYzw0zz_7mostrod3app11add_invoice5testss_60add_invoice_action_with_preimage_activates_and_notifies_both0B9_
FN:275,_RNCNvNtNtNtCsawjdjYzw0zz_7mostrod3app11add_invoice5testss_65add_invoice_action_settled_hold_invoice_resets_and_notifies_buyer0B9_
FN:138,_RNvNtNtNtCsawjdjYzw0zz_7mostrod3app11add_invoice5tests10setup_pool
FN:160,_RNvNtNtNtCsawjdjYzw0zz_7mostrod3app11add_invoice5tests11buyer_event
FN:194,_RNvNtNtNtCsawjdjYzw0zz_7mostrod3app11add_invoice5tests15add_invoice_msg
FN:198,_RNvNtNtNtCsawjdjYzw0zz_7mostrod3app11add_invoice5tests18queued_actions_for
FN:177,_RNvNtNtNtCsawjdjYzw0zz_7mostrod3app11add_invoice5tests26waiting_invoice_sell_order
FN:147,_RNvNtNtNtCsawjdjYzw0zz_7mostrod3app11add_invoice5tests9build_ctx
FN:210,_RNvNtNtNtCsawjdjYzw0zz_7mostrod3app11add_invoice5testss_43add_invoice_action_fails_when_order_missing
FN:228,_RNvNtNtNtCsawjdjYzw0zz_7mostrod3app11add_invoice5testss_43add_invoice_action_rejects_non_buyer_sender
FN:251,_RNvNtNtNtCsawjdjYzw0zz_7mostrod3app11add_invoice5testss_44add_invoice_action_rejects_disallowed_status
FN:337,_RNvNtNtNtCsawjdjYzw0zz_7mostrod3app11add_invoice5testss_58add_invoice_action_without_preimage_hits_hold_invoice_seam
FN:307,_RNvNtNtNtCsawjdjYzw0zz_7mostrod3app11add_invoice5testss_60add_invoice_action_with_preimage_activates_and_notifies_both
FN:275,_RNvNtNtNtCsawjdjYzw0zz_7mostrod3app11add_invoice5testss_65add_invoice_action_settled_hold_invoice_resets_and_notifies_buyer
FNDA:0,_RNCNCNvNtNtCsawjdjYzw0zz_7mostrod3app11add_invoice15pay_new_invoice00B9_
FNDA:0,_RNCNCNvNtNtCsawjdjYzw0zz_7mostrod3app11add_invoice18add_invoice_action00B9_
FNDA:1,_RNCNvNtNtCsawjdjYzw0zz_7mostrod3app11add_invoice15pay_new_invoice0B7_
FNDA:7,_RNCNvNtNtCsawjdjYzw0zz_7mostrod3app11add_invoice18add_invoice_action0B7_
FNDA:1,_RNvNtNtCsawjdjYzw0zz_7mostrod3app11add_invoice15pay_new_invoice
FNDA:7,_RNvNtNtCsawjdjYzw0zz_7mostrod3app11add_invoice18add_invoice_action
FNDA:9,_RNCNCNvNtNtNtCsawjdjYzw0zz_7mostrod3app11add_invoice5tests18queued_actions_for00Bb_
FNDA:4,_RNCNCNvNtNtNtCsawjdjYzw0zz_7mostrod3app11add_invoice5tests18queued_actions_for0s_0Bb_
FNDA:6,_RNCNvNtNtNtCsawjdjYzw0zz_7mostrod3app11add_invoice5tests10setup_pool0B9_
FNDA:3,_RNCNvNtNtNtCsawjdjYzw0zz_7mostrod3app11add_invoice5tests18queued_actions_for0B9_
FNDA:1,_RNCNvNtNtNtCsawjdjYzw0zz_7mostrod3app11add_invoice5testss_43add_invoice_action_fails_when_order_missing0B9_
FNDA:1,_RNCNvNtNtNtCsawjdjYzw0zz_7mostrod3app11add_invoice5testss_43add_invoice_action_rejects_non_buyer_sender0B9_
FNDA:1,_RNCNvNtNtNtCsawjdjYzw0zz_7mostrod3app11add_invoice5testss_44add_invoice_action_rejects_disallowed_status0B9_
FNDA:1,_RNCNvNtNtNtCsawjdjYzw0zz_7mostrod3app11add_invoice5testss_58add_invoice_action_without_preimage_hits_hold_invoice_seam0B9_
FNDA:1,_RNCNvNtNtNtCsawjdjYzw0zz_7mostrod3app11add_invoice5testss_60add_invoice_action_with_preimage_activates_and_notifies_both0B9_
FNDA:1,_RNCNvNtNtNtCsawjdjYzw0zz_7mostrod3app11add_invoice5testss_65add_invoice_action_settled_hold_invoice_resets_and_notifies_buyer0B9_
FNDA:6,_RNvNtNtNtCsawjdjYzw0zz_7mostrod3app11add_invoice5tests10setup_pool
FNDA:6,_RNvNtNtNtCsawjdjYzw0zz_7mostrod3app11add_invoice5tests11buyer_event
FNDA:6,_RNvNtNtNtCsawjdjYzw0zz_7mostrod3app11add_invoice5tests15add_invoice_msg
FNDA:3,_RNvNtNtNtCsawjdjYzw0zz_7mostrod3app11add_invoice5tests18queued_actions_for
FNDA:5,_RNvNtNtNtCsawjdjYzw0zz_7mostrod3app11add_invoice5tests26waiting_invoice_sell_order
FNDA:6,_RNvNtNtNtCsawjdjYzw0zz_7mostrod3app11add_invoice5tests9build_ctx
FNDA:1,_RNvNtNtNtCsawjdjYzw0zz_7mostrod3app11add_invoice5testss_43add_invoice_action_fails_when_order_missing
FNDA:1,_RNvNtNtNtCsawjdjYzw0zz_7mostrod3app11add_invoice5testss_43add_invoice_action_rejects_non_buyer_sender
FNDA:1,_RNvNtNtNtCsawjdjYzw0zz_7mostrod3app11add_invoice5testss_44add_invoice_action_rejects_disallowed_status
FNDA:1,_RNvNtNtNtCsawjdjYzw0zz_7mostrod3app11add_invoice5testss_58add_invoice_action_without_preimage_hits_hold_invoice_seam
FNDA:1,_RNvNtNtNtCsawjdjYzw0zz_7mostrod3app11add_invoice5testss_60add_invoice_action_with_preimage_activates_and_notifies_both
FNDA:1,_RNvNtNtNtCsawjdjYzw0zz_7mostrod3app11add_invoice5testss_65add_invoice_action_settled_hold_invoice_resets_and_notifies_buyer
FNF:28
FNH:26
DA:11,1
DA:12,1
DA:13,1
DA:14,1
DA:15,1
DA:16,1
DA:17,1
DA:18,1
DA:19,1
DA:20,1
DA:21,1
DA:22,1
DA:23,1
DA:24,1
DA:25,1
DA:26,1
DA:27,1
DA:28,1
DA:30,1
DA:31,1
DA:32,1
DA:34,7
DA:35,7
DA:36,7
DA:37,7
DA:38,7
DA:39,7
DA:40,7
DA:42,7
DA:44,5
DA:46,5
DA:48,5
DA:50,5
DA:51,1
DA:52,4
DA:54,4
DA:56,4
DA:58,1
DA:59,1
DA:61,2
DA:63,1
DA:68,2
DA:69,2
DA:72,2
DA:74,2
DA:77,1
DA:78,1
DA:80,1
DA:81,0
DA:82,0
DA:83,1
DA:85,0
DA:89,1
DA:90,1
DA:92,1
DA:93,1
DA:94,1
DA:95,1
DA:96,1
DA:97,1
DA:98,1
DA:99,1
DA:100,1
DA:101,1
DA:103,1
DA:104,1
DA:105,1
DA:106,1
DA:107,1
DA:108,1
DA:109,1
DA:110,1
DA:111,1
DA:112,1
DA:113,1
DA:114,1
DA:115,1
DA:116,1
DA:117,1
DA:118,1
DA:119,1
DA:120,1
DA:122,1
DA:124,1
DA:125,1
DA:126,1
DA:127,0
DA:128,1
DA:129,7
DA:138,6
DA:139,6
DA:140,6
DA:141,6
DA:142,6
DA:143,6
DA:144,6
DA:145,6
DA:147,6
DA:150,6
DA:151,6
DA:152,6
DA:153,6
DA:154,6
DA:155,6
DA:160,6
DA:161,6
DA:162,6
DA:163,6
DA:164,6
DA:165,6
DA:166,6
DA:167,6
DA:168,6
DA:169,6
DA:170,6
DA:171,6
DA:172,6
DA:173,6
DA:174,6
DA:177,5
DA:178,5
DA:179,5
DA:180,5
DA:181,5
DA:182,5
DA:183,5
DA:184,5
DA:185,5
DA:186,5
DA:187,5
DA:188,5
DA:189,5
DA:190,5
DA:191,5
DA:192,5
DA:194,6
DA:195,6
DA:196,6
DA:198,3
DA:199,3
DA:200,3
DA:201,3
DA:202,3
DA:203,3
DA:204,9
DA:205,4
DA:206,3
DA:207,3
DA:210,1
DA:211,1
DA:212,1
DA:213,1
DA:214,1
DA:216,1
DA:217,1
DA:218,1
DA:219,1
DA:220,1
DA:221,1
DA:222,1
DA:224,1
DA:225,1
DA:228,1
DA:229,1
DA:230,1
DA:231,1
DA:232,1
DA:234,1
DA:235,1
DA:236,1
DA:237,1
DA:240,1
DA:241,1
DA:242,1
DA:244,1
DA:245,1
DA:246,1
DA:247,1
DA:248,1
DA:251,1
DA:252,1
DA:253,1
DA:254,1
DA:255,1
DA:257,1
DA:258,1
DA:259,1
DA:261,1
DA:262,1
DA:263,1
DA:265,1
DA:266,1
DA:267,1
DA:268,1
DA:269,1
DA:275,1
DA:276,1
DA:277,1
DA:278,1
DA:279,1
DA:281,1
DA:282,1
DA:283,1
DA:284,1
DA:286,1
DA:287,1
DA:288,1
DA:290,1
DA:291,1
DA:294,1
DA:295,1
DA:296,1
DA:297,1
DA:298,1
DA:299,1
DA:307,1
DA:308,1
DA:309,1
DA:310,1
DA:311,1
DA:313,1
DA:314,1
DA:315,1
DA:317,1
DA:318,1
DA:319,1
DA:321,1
DA:322,1
DA:323,1
DA:324,1
DA:325,1
DA:326,1
DA:327,1
DA:328,1
DA:329,1
DA:330,1
DA:337,1
DA:338,1
DA:339,1
DA:340,1
DA:341,1
DA:343,1
DA:344,1
DA:345,1
DA:346,1
DA:348,1
DA:349,1
DA:350,1
DA:352,1
DA:353,1
DA:354,1
DA:355,1
DA:356,1
BRF:0
BRH:0
LF:281
LH:274
end_of_record
SF:/home/runner/work/mostro/mostro/src/app/admin_add_solver.rs
FN:68,_RNCNCNvNtNtCsawjdjYzw0zz_7mostrod3app16admin_add_solver23admin_add_solver_action00B9_
FN:89,_RNCNCNvNtNtCsawjdjYzw0zz_7mostrod3app16admin_add_solver23admin_add_solver_action0s0_0B9_
FN:85,_RNCNCNvNtNtCsawjdjYzw0zz_7mostrod3app16admin_add_solver23admin_add_solver_action0s_0B9_
FN:51,_RNCNvNtNtCsawjdjYzw0zz_7mostrod3app16admin_add_solver23admin_add_solver_action0B7_
FN:12,_RNvNtNtCsawjdjYzw0zz_7mostrod3app16admin_add_solver20parse_solver_payload
FN:46,_RNvNtNtCsawjdjYzw0zz_7mostrod3app16admin_add_solver23admin_add_solver_action
FN:109,_RNvNtNtNtCsawjdjYzw0zz_7mostrod3app16admin_add_solver5testss_38parse_solver_payload_accepts_read_only
FN:177,_RNvNtNtNtCsawjdjYzw0zz_7mostrod3app16admin_add_solver5testss_41parse_solver_payload_rejects_extra_tokens
FN:101,_RNvNtNtNtCsawjdjYzw0zz_7mostrod3app16admin_add_solver5testss_43parse_solver_payload_defaults_to_read_write
FN:148,_RNvNtNtNtCsawjdjYzw0zz_7mostrod3app16admin_add_solver5testss_45parse_solver_payload_rejects_non_text_payload
FN:116,_RNvNtNtNtCsawjdjYzw0zz_7mostrod3app16admin_add_solver5testss_47parse_solver_payload_accepts_read_write_aliases
FN:128,_RNvNtNtNtCsawjdjYzw0zz_7mostrod3app16admin_add_solver5testss_47parse_solver_payload_rejects_invalid_permission
FN:138,_RNvNtNtNtCsawjdjYzw0zz_7mostrod3app16admin_add_solver5testss_51parse_solver_payload_rejects_empty_permission_token
FN:168,_RNvNtNtNtCsawjdjYzw0zz_7mostrod3app16admin_add_solver5testss_55parse_solver_payload_rejects_empty_npub_with_permission
FN:157,_RNvNtNtNtCsawjdjYzw0zz_7mostrod3app16admin_add_solver5testss_59parse_solver_payload_rejects_empty_and_whitespace_only_text
FN:197,_RNCNvNtNtNtNtCsawjdjYzw0zz_7mostrod3app16admin_add_solver5tests6action16create_test_pool0Bb_
FN:246,_RNCNvNtNtNtNtCsawjdjYzw0zz_7mostrod3app16admin_add_solver5tests6actions_26rejects_non_admin_identity0Bb_
FN:264,_RNCNvNtNtNtNtCsawjdjYzw0zz_7mostrod3app16admin_add_solver5tests6actions_27rejects_invalid_npub_string0Bb_
FN:321,_RNCNvNtNtNtNtCsawjdjYzw0zz_7mostrod3app16admin_add_solver5tests6actions_31rejects_duplicate_solver_insert0Bb_
FN:230,_RNCNvNtNtNtNtCsawjdjYzw0zz_7mostrod3app16admin_add_solver5tests6actions_31rejects_message_without_payload0Bb_
FN:282,_RNCNvNtNtNtNtCsawjdjYzw0zz_7mostrod3app16admin_add_solver5tests6actions_35adds_solver_with_read_only_category0Bb_
FN:302,_RNCNvNtNtNtNtCsawjdjYzw0zz_7mostrod3app16admin_add_solver5tests6actions_44adds_solver_with_default_read_write_category0Bb_
FN:219,_RNvNtNtNtNtCsawjdjYzw0zz_7mostrod3app16admin_add_solver5tests6action12create_event
FN:213,_RNvNtNtNtNtCsawjdjYzw0zz_7mostrod3app16admin_add_solver5tests6action14add_solver_msg
FN:197,_RNvNtNtNtNtCsawjdjYzw0zz_7mostrod3app16admin_add_solver5tests6action16create_test_pool
FN:203,_RNvNtNtNtNtCsawjdjYzw0zz_7mostrod3app16admin_add_solver5tests6action9build_ctx
FN:246,_RNvNtNtNtNtCsawjdjYzw0zz_7mostrod3app16admin_add_solver5tests6actions_26rejects_non_admin_identity
FN:264,_RNvNtNtNtNtCsawjdjYzw0zz_7mostrod3app16admin_add_solver5tests6actions_27rejects_invalid_npub_string
FN:321,_RNvNtNtNtNtCsawjdjYzw0zz_7mostrod3app16admin_add_solver5tests6actions_31rejects_duplicate_solver_insert
FN:230,_RNvNtNtNtNtCsawjdjYzw0zz_7mostrod3app16admin_add_solver5tests6actions_31rejects_message_without_payload
FN:282,_RNvNtNtNtNtCsawjdjYzw0zz_7mostrod3app16admin_add_solver5tests6actions_35adds_solver_with_read_only_category
FN:302,_RNvNtNtNtNtCsawjdjYzw0zz_7mostrod3app16admin_add_solver5tests6actions_44adds_solver_with_default_read_write_category
FNDA:2,_RNCNCNvNtNtCsawjdjYzw0zz_7mostrod3app16admin_add_solver23admin_add_solver_action00B9_
FNDA:0,_RNCNCNvNtNtCsawjdjYzw0zz_7mostrod3app16admin_add_solver23admin_add_solver_action0s0_0B9_
FNDA:0,_RNCNCNvNtNtCsawjdjYzw0zz_7mostrod3app16admin_add_solver23admin_add_solver_action0s_0B9_
FNDA:9,_RNCNvNtNtCsawjdjYzw0zz_7mostrod3app16admin_add_solver23admin_add_solver_action0B7_
FNDA:17,_RNvNtNtCsawjdjYzw0zz_7mostrod3app16admin_add_solver20parse_solver_payload
FNDA:9,_RNvNtNtCsawjdjYzw0zz_7mostrod3app16admin_add_solver23admin_add_solver_action
FNDA:1,_RNvNtNtNtCsawjdjYzw0zz_7mostrod3app16admin_add_solver5testss_38parse_solver_payload_accepts_read_only
FNDA:1,_RNvNtNtNtCsawjdjYzw0zz_7mostrod3app16admin_add_solver5testss_41parse_solver_payload_rejects_extra_tokens
FNDA:1,_RNvNtNtNtCsawjdjYzw0zz_7mostrod3app16admin_add_solver5testss_43parse_solver_payload_defaults_to_read_write
FNDA:1,_RNvNtNtNtCsawjdjYzw0zz_7mostrod3app16admin_add_solver5testss_45parse_solver_payload_rejects_non_text_payload
FNDA:1,_RNvNtNtNtCsawjdjYzw0zz_7mostrod3app16admin_add_solver5testss_47parse_solver_payload_accepts_read_write_aliases
FNDA:1,_RNvNtNtNtCsawjdjYzw0zz_7mostrod3app16admin_add_solver5testss_47parse_solver_payload_rejects_invalid_permission
FNDA:1,_RNvNtNtNtCsawjdjYzw0zz_7mostrod3app16admin_add_solver5testss_51parse_solver_payload_rejects_empty_permission_token
FNDA:1,_RNvNtNtNtCsawjdjYzw0zz_7mostrod3app16admin_add_solver5testss_55parse_solver_payload_rejects_empty_npub_with_permission
FNDA:1,_RNvNtNtNtCsawjdjYzw0zz_7mostrod3app16admin_add_solver5testss_59parse_solver_payload_rejects_empty_and_whitespace_only_text
FNDA:6,_RNCNvNtNtNtNtCsawjdjYzw0zz_7mostrod3app16admin_add_solver5tests6action16create_test_pool0Bb_
FNDA:1,_RNCNvNtNtNtNtCsawjdjYzw0zz_7mostrod3app16admin_add_solver5tests6actions_26rejects_non_admin_identity0Bb_
FNDA:1,_RNCNvNtNtNtNtCsawjdjYzw0zz_7mostrod3app16admin_add_solver5tests6actions_27rejects_invalid_npub_string0Bb_
FNDA:1,_RNCNvNtNtNtNtCsawjdjYzw0zz_7mostrod3app16admin_add_solver5tests6actions_31rejects_duplicate_solver_insert0Bb_
FNDA:1,_RNCNvNtNtNtNtCsawjdjYzw0zz_7mostrod3app16admin_add_solver5tests6actions_31rejects_message_without_payload0Bb_
FNDA:1,_RNCNvNtNtNtNtCsawjdjYzw0zz_7mostrod3app16admin_add_solver5tests6actions_35adds_solver_with_read_only_category0Bb_
FNDA:1,_RNCNvNtNtNtNtCsawjdjYzw0zz_7mostrod3app16admin_add_solver5tests6actions_44adds_solver_with_default_read_write_category0Bb_
FNDA:6,_RNvNtNtNtNtCsawjdjYzw0zz_7mostrod3app16admin_add_solver5tests6action12create_event
FNDA:13,_RNvNtNtNtNtCsawjdjYzw0zz_7mostrod3app16admin_add_solver5tests6action14add_solver_msg
FNDA:6,_RNvNtNtNtNtCsawjdjYzw0zz_7mostrod3app16admin_add_solver5tests6action16create_test_pool
FNDA:6,_RNvNtNtNtNtCsawjdjYzw0zz_7mostrod3app16admin_add_solver5tests6action9build_ctx
FNDA:1,_RNvNtNtNtNtCsawjdjYzw0zz_7mostrod3app16admin_add_solver5tests6actions_26rejects_non_admin_identity
FNDA:1,_RNvNtNtNtNtCsawjdjYzw0zz_7mostrod3app16admin_add_solver5tests6actions_27rejects_invalid_npub_string
FNDA:1,_RNvNtNtNtNtCsawjdjYzw0zz_7mostrod3app16admin_add_solver5tests6actions_31rejects_duplicate_solver_insert
FNDA:1,_RNvNtNtNtNtCsawjdjYzw0zz_7mostrod3app16admin_add_solver5tests6actions_31rejects_message_without_payload
FNDA:1,_RNvNtNtNtNtCsawjdjYzw0zz_7mostrod3app16admin_add_solver5tests6actions_35adds_solver_with_read_only_category
FNDA:1,_RNvNtNtNtNtCsawjdjYzw0zz_7mostrod3app16admin_add_solver5tests6actions_44adds_solver_with_default_read_write_category
FNF:32
FNH:30
DA:12,17
DA:13,17
DA:14,16
DA:15,1
DA:18,16
DA:19,2
DA:20,14
DA:22,14
DA:23,14
DA:24,14
DA:25,14
DA:26,14
DA:28,14
DA:29,1
DA:30,13
DA:32,13
DA:33,6
DA:34,7
DA:35,4
DA:36,2
DA:39,11
DA:40,1
DA:41,10
DA:43,10
DA:44,17
DA:46,9
DA:47,9
DA:48,9
DA:49,9
DA:50,9
DA:51,9
DA:52,9
DA:53,9
DA:55,9
DA:56,9
DA:57,9
DA:58,9
DA:59,9
DA:61,7
DA:62,1
DA:63,6
DA:65,6
DA:66,6
DA:67,6
DA:68,6
DA:70,4
DA:72,4
DA:73,3
DA:74,1
DA:75,1
DA:76,1
DA:77,1
DA:78,1
DA:82,3
DA:83,3
DA:84,3
DA:85,3
DA:87,3
DA:88,3
DA:89,3
DA:91,3
DA:92,9
DA:101,1
DA:102,1
DA:103,1
DA:104,1
DA:105,1
DA:106,1
DA:109,1
DA:110,1
DA:111,1
DA:112,1
DA:113,1
DA:116,1
DA:117,1
DA:118,1
DA:119,1
DA:120,1
DA:122,1
DA:123,1
DA:124,1
DA:125,1
DA:128,1
DA:129,1
DA:130,1
DA:131,1
DA:135,1
DA:138,1
DA:139,1
DA:140,1
DA:141,1
DA:145,1
DA:148,1
DA:149,1
DA:150,1
DA:154,1
DA:157,1
DA:158,2
DA:159,2
DA:160,2
DA:165,1
DA:168,1
DA:169,1
DA:170,1
DA:174,1
DA:177,1
DA:178,1
DA:179,1
DA:180,1
DA:184,1
DA:197,6
DA:198,6
DA:199,6
DA:200,6
DA:201,6
DA:203,6
DA:206,6
DA:207,6
DA:208,6
DA:209,6
DA:210,6
DA:211,6
DA:213,13
DA:214,13
DA:215,13
DA:219,6
DA:220,6
DA:221,6
DA:222,6
DA:223,6
DA:224,6
DA:225,6
DA:226,6
DA:227,6
DA:230,1
DA:231,1
DA:232,1
DA:233,1
DA:234,1
DA:236,1
DA:237,1
DA:239,1
DA:240,1
DA:241,1
DA:242,1
DA:243,1
DA:246,1
DA:247,1
DA:248,1
DA:249,1
DA:251,1
DA:252,1
DA:253,1
DA:255,1
DA:257,1
DA:258,1
DA:259,1
DA:260,1
DA:261,1
DA:264,1
DA:265,1
DA:266,1
DA:267,1
DA:268,1
DA:269,1
DA:271,1
DA:273,1
DA:274,1
DA:275,1
DA:276,1
DA:277,1
DA:282,1
DA:283,1
DA:284,1
DA:285,1
DA:286,1
DA:287,1
DA:288,1
DA:289,1
DA:291,1
DA:293,1
DA:294,1
DA:295,1
DA:296,1
DA:297,1
DA:298,1
DA:299,1
DA:302,1
DA:303,1
DA:304,1
DA:305,1
DA:306,1
DA:307,1
DA:308,1
DA:309,1
DA:311,1
DA:313,1
DA:314,1
DA:315,1
DA:316,1
DA:317,1
DA:318,1
DA:321,1
DA:322,1
DA:323,1
DA:324,1
DA:325,1
DA:326,1
DA:328,1
DA:329,1
DA:330,1
DA:331,1
DA:332,1
DA:333,1
DA:334,1
DA:335,1
DA:337,1
DA:338,1
DA:339,1
DA:340,1
DA:341,1
DA:342,1
DA:343,1
DA:345,1
DA:346,1
DA:347,1
DA:348,1
DA:349,1
BRF:0
BRH:0
LF:249
LH:247
end_of_record
SF:/home/runner/work/mostro/mostro/src/app/admin_cancel.rs
FN:142,_RNCNCNvNtNtCsawjdjYzw0zz_7mostrod3app12admin_cancel19admin_cancel_action00B9_
FN:180,_RNCNCNvNtNtCsawjdjYzw0zz_7mostrod3app12admin_cancel19admin_cancel_action0s0_0B9_
FN:184,_RNCNCNvNtNtCsawjdjYzw0zz_7mostrod3app12admin_cancel19admin_cancel_action0s1_0B9_
FN:196,_RNCNCNvNtNtCsawjdjYzw0zz_7mostrod3app12admin_cancel19admin_cancel_action0s2_0B9_
FN:200,_RNCNCNvNtNtCsawjdjYzw0zz_7mostrod3app12admin_cancel19admin_cancel_action0s3_0B9_
FN:205,_RNCNCNvNtNtCsawjdjYzw0zz_7mostrod3app12admin_cancel19admin_cancel_action0s4_0B9_
FN:207,_RNCNCNvNtNtCsawjdjYzw0zz_7mostrod3app12admin_cancel19admin_cancel_action0s5_0B9_
FN:214,_RNCNCNvNtNtCsawjdjYzw0zz_7mostrod3app12admin_cancel19admin_cancel_action0s6_0B9_
FN:217,_RNCNCNvNtNtCsawjdjYzw0zz_7mostrod3app12admin_cancel19admin_cancel_action0s7_0B9_
FN:165,_RNCNCNvNtNtCsawjdjYzw0zz_7mostrod3app12admin_cancel19admin_cancel_action0s_0B9_
FN:54,_RNCNvNtNtCsawjdjYzw0zz_7mostrod3app12admin_cancel19admin_cancel_action0B7_
FN:48,_RNvNtNtCsawjdjYzw0zz_7mostrod3app12admin_cancel19admin_cancel_action
FN:355,_RNCNCNvNtNtNtCsawjdjYzw0zz_7mostrod3app12admin_cancel5tests18queued_actions_for00Bb_
FN:356,_RNCNCNvNtNtNtCsawjdjYzw0zz_7mostrod3app12admin_cancel5tests18queued_actions_for0s_0Bb_
FN:275,_RNCNvNtNtNtCsawjdjYzw0zz_7mostrod3app12admin_cancel5tests10setup_pool0B9_
FN:338,_RNCNvNtNtNtCsawjdjYzw0zz_7mostrod3app12admin_cancel5tests13assign_solver0B9_
FN:349,_RNCNvNtNtNtCsawjdjYzw0zz_7mostrod3app12admin_cancel5tests18queued_actions_for0B9_
FN:296,_RNCNvNtNtNtCsawjdjYzw0zz_7mostrod3app12admin_cancel5tests8dead_lnd0B9_
FN:361,_RNCNvNtNtNtCsawjdjYzw0zz_7mostrod3app12admin_cancel5testss_24fails_when_order_missing0B9_
FN:502,_RNCNvNtNtNtCsawjdjYzw0zz_7mostrod3app12admin_cancel5testss_28rejects_order_not_in_dispute0B9_
FN:534,_RNCNvNtNtNtCsawjdjYzw0zz_7mostrod3app12admin_cancel5testss_37dispute_without_initiator_flag_errors0B9_
FN:568,_RNCNvNtNtNtCsawjdjYzw0zz_7mostrod3app12admin_cancel5testss_40dispute_with_hash_reaches_ln_cancel_seam0B9_
FN:605,_RNCNvNtNtNtCsawjdjYzw0zz_7mostrod3app12admin_cancel5testss_47seller_dispute_without_hash_refunds_and_cancels0B9_
FN:470,_RNCNvNtNtNtCsawjdjYzw0zz_7mostrod3app12admin_cancel5testss_48cooperatively_cancelled_order_acknowledges_admin0B9_
FN:439,_RNCNvNtNtNtCsawjdjYzw0zz_7mostrod3app12admin_cancel5testss_48rejects_assigned_solver_without_write_permission0B9_
FN:380,_RNCNvNtNtNtCsawjdjYzw0zz_7mostrod3app12admin_cancel5testss_49rejects_caller_not_assigned_and_no_admin_takeover0B9_
FN:409,_RNCNvNtNtNtCsawjdjYzw0zz_7mostrod3app12admin_cancel5testss_58reports_admin_takeover_when_dispute_in_progress_with_admin0B9_
FN:345,_RNvNtNtNtCsawjdjYzw0zz_7mostrod3app12admin_cancel5tests10cancel_msg
FN:275,_RNvNtNtNtCsawjdjYzw0zz_7mostrod3app12admin_cancel5tests10setup_pool
FN:313,_RNvNtNtNtCsawjdjYzw0zz_7mostrod3app12admin_cancel5tests11admin_event
FN:338,_RNvNtNtNtCsawjdjYzw0zz_7mostrod3app12admin_cancel5tests13assign_solver
FN:323,_RNvNtNtNtCsawjdjYzw0zz_7mostrod3app12admin_cancel5tests13dispute_order
FN:349,_RNvNtNtNtCsawjdjYzw0zz_7mostrod3app12admin_cancel5tests18queued_actions_for
FN:296,_RNvNtNtNtCsawjdjYzw0zz_7mostrod3app12admin_cancel5tests8dead_lnd
FN:284,_RNvNtNtNtCsawjdjYzw0zz_7mostrod3app12admin_cancel5tests9build_ctx
FN:361,_RNvNtNtNtCsawjdjYzw0zz_7mostrod3app12admin_cancel5testss_24fails_when_order_missing
FN:502,_RNvNtNtNtCsawjdjYzw0zz_7mostrod3app12admin_cancel5testss_28rejects_order_not_in_dispute
FN:534,_RNvNtNtNtCsawjdjYzw0zz_7mostrod3app12admin_cancel5testss_37dispute_without_initiator_flag_errors
FN:568,_RNvNtNtNtCsawjdjYzw0zz_7mostrod3app12admin_cancel5testss_40dispute_with_hash_reaches_ln_cancel_seam
FN:605,_RNvNtNtNtCsawjdjYzw0zz_7mostrod3app12admin_cancel5testss_47seller_dispute_without_hash_refunds_and_cancels
FN:470,_RNvNtNtNtCsawjdjYzw0zz_7mostrod3app12admin_cancel5testss_48cooperatively_cancelled_order_acknowledges_admin
FN:439,_RNvNtNtNtCsawjdjYzw0zz_7mostrod3app12admin_cancel5testss_48rejects_assigned_solver_without_write_permission
FN:380,_RNvNtNtNtCsawjdjYzw0zz_7mostrod3app12admin_cancel5testss_49rejects_caller_not_assigned_and_no_admin_takeover
FN:409,_RNvNtNtNtCsawjdjYzw0zz_7mostrod3app12admin_cancel5testss_58reports_admin_takeover_when_dispute_in_progress_with_admin
FNDA:0,_RNCNCNvNtNtCsawjdjYzw0zz_7mostrod3app12admin_cancel19admin_cancel_action00B9_
FNDA:0,_RNCNCNvNtNtCsawjdjYzw0zz_7mostrod3app12admin_cancel19admin_cancel_action0s0_0B9_
FNDA:0,_RNCNCNvNtNtCsawjdjYzw0zz_7mostrod3app12admin_cancel19admin_cancel_action0s1_0B9_
FNDA:0,_RNCNCNvNtNtCsawjdjYzw0zz_7mostrod3app12admin_cancel19admin_cancel_action0s2_0B9_
FNDA:0,_RNCNCNvNtNtCsawjdjYzw0zz_7mostrod3app12admin_cancel19admin_cancel_action0s3_0B9_
FNDA:0,_RNCNCNvNtNtCsawjdjYzw0zz_7mostrod3app12admin_cancel19admin_cancel_action0s4_0B9_
FNDA:0,_RNCNCNvNtNtCsawjdjYzw0zz_7mostrod3app12admin_cancel19admin_cancel_action0s5_0B9_
FNDA:0,_RNCNCNvNtNtCsawjdjYzw0zz_7mostrod3app12admin_cancel19admin_cancel_action0s6_0B9_
FNDA:0,_RNCNCNvNtNtCsawjdjYzw0zz_7mostrod3app12admin_cancel19admin_cancel_action0s7_0B9_
FNDA:0,_RNCNCNvNtNtCsawjdjYzw0zz_7mostrod3app12admin_cancel19admin_cancel_action0s_0B9_
FNDA:10,_RNCNvNtNtCsawjdjYzw0zz_7mostrod3app12admin_cancel19admin_cancel_action0B7_
FNDA:10,_RNvNtNtCsawjdjYzw0zz_7mostrod3app12admin_cancel19admin_cancel_action
FNDA:6,_RNCNCNvNtNtNtCsawjdjYzw0zz_7mostrod3app12admin_cancel5tests18queued_actions_for00Bb_
FNDA:1,_RNCNCNvNtNtNtCsawjdjYzw0zz_7mostrod3app12admin_cancel5tests18queued_actions_for0s_0Bb_
FNDA:9,_RNCNvNtNtNtCsawjdjYzw0zz_7mostrod3app12admin_cancel5tests10setup_pool0B9_
FNDA:7,_RNCNvNtNtNtCsawjdjYzw0zz_7mostrod3app12admin_cancel5tests13assign_solver0B9_
FNDA:1,_RNCNvNtNtNtCsawjdjYzw0zz_7mostrod3app12admin_cancel5tests18queued_actions_for0B9_
FNDA:9,_RNCNvNtNtNtCsawjdjYzw0zz_7mostrod3app12admin_cancel5tests8dead_lnd0B9_
FNDA:1,_RNCNvNtNtNtCsawjdjYzw0zz_7mostrod3app12admin_cancel5testss_24fails_when_order_missing0B9_
FNDA:1,_RNCNvNtNtNtCsawjdjYzw0zz_7mostrod3app12admin_cancel5testss_28rejects_order_not_in_dispute0B9_
FNDA:1,_RNCNvNtNtNtCsawjdjYzw0zz_7mostrod3app12admin_cancel5testss_37dispute_without_initiator_flag_errors0B9_
FNDA:1,_RNCNvNtNtNtCsawjdjYzw0zz_7mostrod3app12admin_cancel5testss_40dispute_with_hash_reaches_ln_cancel_seam0B9_
FNDA:1,_RNCNvNtNtNtCsawjdjYzw0zz_7mostrod3app12admin_cancel5testss_47seller_dispute_without_hash_refunds_and_cancels0B9_
FNDA:1,_RNCNvNtNtNtCsawjdjYzw0zz_7mostrod3app12admin_cancel5testss_48cooperatively_cancelled_order_acknowledges_admin0B9_
FNDA:1,_RNCNvNtNtNtCsawjdjYzw0zz_7mostrod3app12admin_cancel5testss_48rejects_assigned_solver_without_write_permission0B9_
FNDA:1,_RNCNvNtNtNtCsawjdjYzw0zz_7mostrod3app12admin_cancel5testss_49rejects_caller_not_assigned_and_no_admin_takeover0B9_
FNDA:1,_RNCNvNtNtNtCsawjdjYzw0zz_7mostrod3app12admin_cancel5testss_58reports_admin_takeover_when_dispute_in_progress_with_admin0B9_
FNDA:9,_RNvNtNtNtCsawjdjYzw0zz_7mostrod3app12admin_cancel5tests10cancel_msg
FNDA:9,_RNvNtNtNtCsawjdjYzw0zz_7mostrod3app12admin_cancel5tests10setup_pool
FNDA:9,_RNvNtNtNtCsawjdjYzw0zz_7mostrod3app12admin_cancel5tests11admin_event
FNDA:7,_RNvNtNtNtCsawjdjYzw0zz_7mostrod3app12admin_cancel5tests13assign_solver
FNDA:8,_RNvNtNtNtCsawjdjYzw0zz_7mostrod3app12admin_cancel5tests13dispute_order
FNDA:1,_RNvNtNtNtCsawjdjYzw0zz_7mostrod3app12admin_cancel5tests18queued_actions_for
FNDA:9,_RNvNtNtNtCsawjdjYzw0zz_7mostrod3app12admin_cancel5tests8dead_lnd
FNDA:9,_RNvNtNtNtCsawjdjYzw0zz_7mostrod3app12admin_cancel5tests9build_ctx
FNDA:1,_RNvNtNtNtCsawjdjYzw0zz_7mostrod3app12admin_cancel5testss_24fails_when_order_missing
FNDA:1,_RNvNtNtNtCsawjdjYzw0zz_7mostrod3app12admin_cancel5testss_28rejects_order_not_in_dispute
FNDA:1,_RNvNtNtNtCsawjdjYzw0zz_7mostrod3app12admin_cancel5testss_37dispute_without_initiator_flag_errors
FNDA:1,_RNvNtNtNtCsawjdjYzw0zz_7mostrod3app12admin_cancel5testss_40dispute_with_hash_reaches_ln_cancel_seam
FNDA:1,_RNvNtNtNtCsawjdjYzw0zz_7mostrod3app12admin_cancel5testss_47seller_dispute_without_hash_refunds_and_cancels
FNDA:1,_RNvNtNtNtCsawjdjYzw0zz_7mostrod3app12admin_cancel5testss_48cooperatively_cancelled_order_acknowledges_admin
FNDA:1,_RNvNtNtNtCsawjdjYzw0zz_7mostrod3app12admin_cancel5testss_48rejects_assigned_solver_without_write_permission
FNDA:1,_RNvNtNtNtCsawjdjYzw0zz_7mostrod3app12admin_cancel5testss_49rejects_caller_not_assigned_and_no_admin_takeover
FNDA:1,_RNvNtNtNtCsawjdjYzw0zz_7mostrod3app12admin_cancel5testss_58reports_admin_takeover_when_dispute_in_progress_with_admin
FNF:44
FNH:34
DA:48,10
DA:49,10
DA:50,10
DA:51,10
DA:52,10
DA:53,10
DA:54,10
DA:55,10
DA:57,10
DA:59,10
DA:61,8
DA:64,2
DA:65,1
DA:67,1
DA:70,0
DA:71,0
DA:72,0
DA:73,0
DA:75,6
DA:78,6
DA:79,6
DA:80,6
DA:81,6
DA:82,6
DA:83,6
DA:84,6
DA:87,5
DA:88,1
DA:89,1
DA:90,1
DA:91,1
DA:92,1
DA:93,1
DA:94,1
DA:95,1
DA:96,1
DA:98,1
DA:99,4
DA:102,4
DA:103,1
DA:104,3
DA:115,3
DA:116,3
DA:118,3
DA:120,1
DA:121,1
DA:122,0
DA:123,0
DA:124,2
DA:127,2
DA:130,2
DA:131,1
DA:132,0
DA:133,1
DA:136,1
DA:137,1
DA:139,1
DA:140,1
DA:141,1
DA:142,1
DA:144,1
DA:145,1
DA:146,1
DA:147,1
DA:150,1
DA:151,1
DA:152,1
DA:154,1
DA:155,1
DA:156,1
DA:158,1
DA:159,1
DA:160,1
DA:164,1
DA:165,1
DA:168,1
DA:170,1
DA:171,1
DA:172,1
DA:173,0
DA:174,0
DA:178,1
DA:179,1
DA:180,1
DA:181,1
DA:182,1
DA:183,1
DA:184,1
DA:186,1
DA:187,1
DA:188,1
DA:189,1
DA:190,1
DA:191,1
DA:194,1
DA:195,1
DA:196,1
DA:198,1
DA:199,1
DA:200,1
DA:202,1
DA:203,1
DA:204,1
DA:205,1
DA:206,1
DA:207,1
DA:209,0
DA:210,0
DA:212,1
DA:213,1
DA:214,1
DA:215,1
DA:216,1
DA:217,1
DA:230,1
DA:231,1
DA:232,1
DA:233,1
DA:234,1
DA:235,1
DA:237,1
DA:239,1
DA:240,1
DA:241,0
DA:244,0
DA:245,0
DA:257,1
DA:258,0
DA:262,1
DA:264,1
DA:265,10
DA:275,9
DA:276,9
DA:277,9
DA:278,9
DA:279,9
DA:280,9
DA:281,9
DA:282,9
DA:284,9
DA:285,9
DA:286,9
DA:287,9
DA:288,9
DA:289,9
DA:290,9
DA:296,9
DA:297,9
DA:298,9
DA:299,9
DA:300,9
DA:301,9
DA:302,9
DA:303,9
DA:304,9
DA:305,9
DA:306,9
DA:307,9
DA:308,9
DA:309,9
DA:310,9
DA:311,9
DA:313,9
DA:314,9
DA:315,9
DA:316,9
DA:317,9
DA:318,9
DA:319,9
DA:320,9
DA:321,9
DA:323,8
DA:324,8
DA:325,8
DA:326,8
DA:327,8
DA:328,8
DA:329,8
DA:330,8
DA:331,8
DA:332,8
DA:333,8
DA:334,8
DA:335,8
DA:336,8
DA:338,7
DA:339,7
DA:340,7
DA:341,7
DA:342,7
DA:343,7
DA:345,9
DA:346,9
DA:347,9
DA:349,1
DA:350,1
DA:351,1
DA:352,1
DA:353,1
DA:354,1
DA:355,6
DA:356,1
DA:357,1
DA:358,1
DA:361,1
DA:362,1
DA:363,1
DA:364,1
DA:365,1
DA:367,1
DA:368,1
DA:369,1
DA:370,1
DA:371,1
DA:372,1
DA:373,1
DA:374,1
DA:376,1
DA:377,1
DA:380,1
DA:381,1
DA:382,1
DA:383,1
DA:384,1
DA:385,1
DA:386,1
DA:388,1
DA:389,1
DA:390,1
DA:391,1
DA:393,1
DA:394,1
DA:395,1
DA:396,1
DA:397,1
DA:398,1
DA:399,1
DA:400,1
DA:402,1
DA:403,1
DA:404,1
DA:405,1
DA:406,1
DA:409,1
DA:410,1
DA:411,1
DA:412,1
DA:413,1
DA:414,1
DA:415,1
DA:417,1
DA:418,1
DA:419,1
DA:420,1
DA:421,1
DA:423,1
DA:424,1
DA:425,1
DA:426,1
DA:427,1
DA:428,1
DA:429,1
DA:430,1
DA:432,1
DA:433,1
DA:434,1
DA:435,1
DA:436,1
DA:439,1
DA:440,1
DA:441,1
DA:442,1
DA:443,1
DA:444,1
DA:445,1
DA:446,1
DA:448,1
DA:449,1
DA:450,1
DA:451,1
DA:452,1
DA:454,1
DA:455,1
DA:456,1
DA:457,1
DA:458,1
DA:459,1
DA:460,1
DA:461,1
DA:463,1
DA:464,1
DA:465,1
DA:466,1
DA:467,1
DA:470,1
DA:471,1
DA:472,1
DA:473,1
DA:474,1
DA:475,1
DA:476,1
DA:478,1
DA:479,1
DA:480,1
DA:481,1
DA:483,1
DA:484,1
DA:485,1
DA:486,1
DA:487,1
DA:488,1
DA:489,1
DA:490,1
DA:492,1
DA:493,1
DA:496,1
DA:497,1
DA:498,1
DA:499,1
DA:502,1
DA:503,1
DA:504,1
DA:505,1
DA:506,1
DA:507,1
DA:508,1
DA:510,1
DA:511,1
DA:512,1
DA:513,1
DA:515,1
DA:516,1
DA:517,1
DA:518,1
DA:519,1
DA:520,1
DA:521,1
DA:522,1
DA:524,1
DA:525,1
DA:526,1
DA:527,1
DA:528,1
DA:534,1
DA:535,1
DA:536,1
DA:537,1
DA:538,1
DA:539,1
DA:540,1
DA:543,1
DA:544,1
DA:545,1
DA:546,1
DA:547,1
DA:549,1
DA:550,1
DA:551,1
DA:552,1
DA:553,1
DA:554,1
DA:555,1
DA:556,1
DA:558,1
DA:559,1
DA:560,1
DA:561,1
DA:562,1
DA:568,1
DA:569,1
DA:570,1
DA:571,1
DA:572,1
DA:573,1
DA:574,1
DA:576,1
DA:577,1
DA:580,1
DA:581,1
DA:582,1
DA:584,1
DA:585,1
DA:586,1
DA:587,1
DA:588,1
DA:589,1
DA:590,1
DA:591,1
DA:593,1
DA:594,1
DA:595,1
DA:596,1
DA:597,1
DA:605,1
DA:606,1
DA:607,1
DA:608,1
DA:609,1
DA:610,1
DA:611,1
DA:613,1
DA:614,1
DA:615,1
DA:616,1
DA:617,1
DA:618,1
DA:619,1
DA:622,1
DA:623,1
DA:624,1
DA:625,1
DA:626,1
DA:627,1
DA:629,1
DA:631,1
DA:632,1
DA:633,1
DA:634,1
DA:635,1
DA:636,1
DA:637,1
DA:638,1
DA:639,1
DA:640,1
DA:641,1
BRF:0
BRH:0
LF:469
LH:444
end_of_record
SF:/home/runner/work/mostro/mostro/src/app/admin_settle.rs
FN:97,_RNCNCNvNtNtCsawjdjYzw0zz_7mostrod3app12admin_settle19admin_settle_action00B9_
FN:112,_RNCNCNvNtNtCsawjdjYzw0zz_7mostrod3app12admin_settle19admin_settle_action0s0_0B9_
FN:131,_RNCNCNvNtNtCsawjdjYzw0zz_7mostrod3app12admin_settle19admin_settle_action0s1_0B9_
FN:163,_RNCNCNvNtNtCsawjdjYzw0zz_7mostrod3app12admin_settle19admin_settle_action0s2_0B9_
FN:193,_RNCNCNvNtNtCsawjdjYzw0zz_7mostrod3app12admin_settle19admin_settle_action0s3_0B9_
FN:206,_RNCNCNvNtNtCsawjdjYzw0zz_7mostrod3app12admin_settle19admin_settle_action0s4_0B9_
FN:101,_RNCNCNvNtNtCsawjdjYzw0zz_7mostrod3app12admin_settle19admin_settle_action0s_0B9_
FN:25,_RNCNvNtNtCsawjdjYzw0zz_7mostrod3app12admin_settle19admin_settle_action0B7_
FN:19,_RNvNtNtCsawjdjYzw0zz_7mostrod3app12admin_settle19admin_settle_action
FN:583,_RNvNtNtNtCsawjdjYzw0zz_7mostrod3app12admin_settle5testss_24test_dispute_error_types
FN:352,_RNCNCNvNtNtNtCsawjdjYzw0zz_7mostrod3app12admin_settle13handler_tests18queued_actions_for00Bb_
FN:353,_RNCNCNvNtNtNtCsawjdjYzw0zz_7mostrod3app12admin_settle13handler_tests18queued_actions_for0s_0Bb_
FN:268,_RNCNvNtNtNtCsawjdjYzw0zz_7mostrod3app12admin_settle13handler_tests10setup_pool0B9_
FN:333,_RNCNvNtNtNtCsawjdjYzw0zz_7mostrod3app12admin_settle13handler_tests13assign_solver0B9_
FN:346,_RNCNvNtNtNtCsawjdjYzw0zz_7mostrod3app12admin_settle13handler_tests18queued_actions_for0B9_
FN:289,_RNCNvNtNtNtCsawjdjYzw0zz_7mostrod3app12admin_settle13handler_tests8dead_lnd0B9_
FN:358,_RNCNvNtNtNtCsawjdjYzw0zz_7mostrod3app12admin_settle13handler_testss_24fails_when_order_missing0B9_
FN:513,_RNCNvNtNtNtCsawjdjYzw0zz_7mostrod3app12admin_settle13handler_testss_28rejects_order_not_in_dispute0B9_
FN:546,_RNCNvNtNtNtCsawjdjYzw0zz_7mostrod3app12admin_settle13handler_testss_33dispute_order_reaches_settle_seam0B9_
FN:477,_RNCNvNtNtNtCsawjdjYzw0zz_7mostrod3app12admin_settle13handler_testss_48cooperatively_cancelled_order_acknowledges_admin0B9_
FN:442,_RNCNvNtNtNtCsawjdjYzw0zz_7mostrod3app12admin_settle13handler_testss_48rejects_assigned_solver_without_write_permission0B9_
FN:377,_RNCNvNtNtNtCsawjdjYzw0zz_7mostrod3app12admin_settle13handler_testss_49rejects_caller_not_assigned_and_no_admin_takeover0B9_
FN:407,_RNCNvNtNtNtCsawjdjYzw0zz_7mostrod3app12admin_settle13handler_testss_58reports_admin_takeover_when_dispute_in_progress_with_admin0B9_
FN:342,_RNvNtNtNtCsawjdjYzw0zz_7mostrod3app12admin_settle13handler_tests10settle_msg
FN:268,_RNvNtNtNtCsawjdjYzw0zz_7mostrod3app12admin_settle13handler_tests10setup_pool
FN:308,_RNvNtNtNtCsawjdjYzw0zz_7mostrod3app12admin_settle13handler_tests11admin_event
FN:333,_RNvNtNtNtCsawjdjYzw0zz_7mostrod3app12admin_settle13handler_tests13assign_solver
FN:318,_RNvNtNtNtCsawjdjYzw0zz_7mostrod3app12admin_settle13handler_tests13dispute_order
FN:346,_RNvNtNtNtCsawjdjYzw0zz_7mostrod3app12admin_settle13handler_tests18queued_actions_for
FN:289,_RNvNtNtNtCsawjdjYzw0zz_7mostrod3app12admin_settle13handler_tests8dead_lnd
FN:277,_RNvNtNtNtCsawjdjYzw0zz_7mostrod3app12admin_settle13handler_tests9build_ctx
FN:358,_RNvNtNtNtCsawjdjYzw0zz_7mostrod3app12admin_settle13handler_testss_24fails_when_order_missing
FN:513,_RNvNtNtNtCsawjdjYzw0zz_7mostrod3app12admin_settle13handler_testss_28rejects_order_not_in_dispute
FN:546,_RNvNtNtNtCsawjdjYzw0zz_7mostrod3app12admin_settle13handler_testss_33dispute_order_reaches_settle_seam
FN:477,_RNvNtNtNtCsawjdjYzw0zz_7mostrod3app12admin_settle13handler_testss_48cooperatively_cancelled_order_acknowledges_admin
FN:442,_RNvNtNtNtCsawjdjYzw0zz_7mostrod3app12admin_settle13handler_testss_48rejects_assigned_solver_without_write_permission
FN:377,_RNvNtNtNtCsawjdjYzw0zz_7mostrod3app12admin_settle13handler_testss_49rejects_caller_not_assigned_and_no_admin_takeover
FN:407,_RNvNtNtNtCsawjdjYzw0zz_7mostrod3app12admin_settle13handler_testss_58reports_admin_takeover_when_dispute_in_progress_with_admin
FNDA:1,_RNCNCNvNtNtCsawjdjYzw0zz_7mostrod3app12admin_settle19admin_settle_action00B9_
FNDA:0,_RNCNCNvNtNtCsawjdjYzw0zz_7mostrod3app12admin_settle19admin_settle_action0s0_0B9_
FNDA:0,_RNCNCNvNtNtCsawjdjYzw0zz_7mostrod3app12admin_settle19admin_settle_action0s1_0B9_
FNDA:0,_RNCNCNvNtNtCsawjdjYzw0zz_7mostrod3app12admin_settle19admin_settle_action0s2_0B9_
FNDA:0,_RNCNCNvNtNtCsawjdjYzw0zz_7mostrod3app12admin_settle19admin_settle_action0s3_0B9_
FNDA:0,_RNCNCNvNtNtCsawjdjYzw0zz_7mostrod3app12admin_settle19admin_settle_action0s4_0B9_
FNDA:0,_RNCNCNvNtNtCsawjdjYzw0zz_7mostrod3app12admin_settle19admin_settle_action0s_0B9_
FNDA:8,_RNCNvNtNtCsawjdjYzw0zz_7mostrod3app12admin_settle19admin_settle_action0B7_
FNDA:8,_RNvNtNtCsawjdjYzw0zz_7mostrod3app12admin_settle19admin_settle_action
FNDA:1,_RNvNtNtNtCsawjdjYzw0zz_7mostrod3app12admin_settle5testss_24test_dispute_error_types
FNDA:7,_RNCNCNvNtNtNtCsawjdjYzw0zz_7mostrod3app12admin_settle13handler_tests18queued_actions_for00Bb_
FNDA:1,_RNCNCNvNtNtNtCsawjdjYzw0zz_7mostrod3app12admin_settle13handler_tests18queued_actions_for0s_0Bb_
FNDA:7,_RNCNvNtNtNtCsawjdjYzw0zz_7mostrod3app12admin_settle13handler_tests10setup_pool0B9_
FNDA:5,_RNCNvNtNtNtCsawjdjYzw0zz_7mostrod3app12admin_settle13handler_tests13assign_solver0B9_
FNDA:1,_RNCNvNtNtNtCsawjdjYzw0zz_7mostrod3app12admin_settle13handler_tests18queued_actions_for0B9_
FNDA:7,_RNCNvNtNtNtCsawjdjYzw0zz_7mostrod3app12admin_settle13handler_tests8dead_lnd0B9_
FNDA:1,_RNCNvNtNtNtCsawjdjYzw0zz_7mostrod3app12admin_settle13handler_testss_24fails_when_order_missing0B9_
FNDA:1,_RNCNvNtNtNtCsawjdjYzw0zz_7mostrod3app12admin_settle13handler_testss_28rejects_order_not_in_dispute0B9_
FNDA:1,_RNCNvNtNtNtCsawjdjYzw0zz_7mostrod3app12admin_settle13handler_testss_33dispute_order_reaches_settle_seam0B9_
FNDA:1,_RNCNvNtNtNtCsawjdjYzw0zz_7mostrod3app12admin_settle13handler_testss_48cooperatively_cancelled_order_acknowledges_admin0B9_
FNDA:1,_RNCNvNtNtNtCsawjdjYzw0zz_7mostrod3app12admin_settle13handler_testss_48rejects_assigned_solver_without_write_permission0B9_
FNDA:1,_RNCNvNtNtNtCsawjdjYzw0zz_7mostrod3app12admin_settle13handler_testss_49rejects_caller_not_assigned_and_no_admin_takeover0B9_
FNDA:1,_RNCNvNtNtNtCsawjdjYzw0zz_7mostrod3app12admin_settle13handler_testss_58reports_admin_takeover_when_dispute_in_progress_with_admin0B9_
FNDA:7,_RNvNtNtNtCsawjdjYzw0zz_7mostrod3app12admin_settle13handler_tests10settle_msg
FNDA:7,_RNvNtNtNtCsawjdjYzw0zz_7mostrod3app12admin_settle13handler_tests10setup_pool
FNDA:7,_RNvNtNtNtCsawjdjYzw0zz_7mostrod3app12admin_settle13handler_tests11admin_event
FNDA:5,_RNvNtNtNtCsawjdjYzw0zz_7mostrod3app12admin_settle13handler_tests13assign_solver
FNDA:6,_RNvNtNtNtCsawjdjYzw0zz_7mostrod3app12admin_settle13handler_tests13dispute_order
FNDA:1,_RNvNtNtNtCsawjdjYzw0zz_7mostrod3app12admin_settle13handler_tests18queued_actions_for
FNDA:7,_RNvNtNtNtCsawjdjYzw0zz_7mostrod3app12admin_settle13handler_tests8dead_lnd
FNDA:7,_RNvNtNtNtCsawjdjYzw0zz_7mostrod3app12admin_settle13handler_tests9build_ctx
FNDA:1,_RNvNtNtNtCsawjdjYzw0zz_7mostrod3app12admin_settle13handler_testss_24fails_when_order_missing
FNDA:1,_RNvNtNtNtCsawjdjYzw0zz_7mostrod3app12admin_settle13handler_testss_28rejects_order_not_in_dispute
FNDA:1,_RNvNtNtNtCsawjdjYzw0zz_7mostrod3app12admin_settle13handler_testss_33dispute_order_reaches_settle_seam
FNDA:1,_RNvNtNtNtCsawjdjYzw0zz_7mostrod3app12admin_settle13handler_testss_48cooperatively_cancelled_order_acknowledges_admin
FNDA:1,_RNvNtNtNtCsawjdjYzw0zz_7mostrod3app12admin_settle13handler_testss_48rejects_assigned_solver_without_write_permission
FNDA:1,_RNvNtNtNtCsawjdjYzw0zz_7mostrod3app12admin_settle13handler_testss_49rejects_caller_not_assigned_and_no_admin_takeover
FNDA:1,_RNvNtNtNtCsawjdjYzw0zz_7mostrod3app12admin_settle13handler_testss_58reports_admin_takeover_when_dispute_in_progress_with_admin
FNF:38
FNH:32
DA:19,8
DA:20,8
DA:21,8
DA:22,8
DA:23,8
DA:24,8
DA:25,8
DA:26,8
DA:28,8
DA:30,8
DA:32,6
DA:35,2
DA:36,1
DA:37,1
DA:38,1
DA:40,1
DA:41,1
DA:42,1
DA:45,0
DA:46,0
DA:47,0
DA:48,0
DA:50,4
DA:53,4
DA:54,4
DA:55,4
DA:56,4
DA:57,4
DA:58,4
DA:59,4
DA:62,3
DA:63,1
DA:64,1
DA:65,1
DA:66,1
DA:67,1
DA:68,1
DA:69,1
DA:70,1
DA:71,1
DA:73,1
DA:74,2
DA:76,2
DA:77,1
DA:78,1
DA:91,1
DA:92,1
DA:95,1
DA:96,1
DA:97,1
DA:99,0
DA:100,0
DA:101,0
DA:104,0
DA:105,0
DA:106,0
DA:107,0
DA:108,0
DA:109,0
DA:110,0
DA:111,0
DA:112,0
DA:114,0
DA:115,0
DA:119,0
DA:120,0
DA:123,0
DA:125,0
DA:126,0
DA:128,0
DA:129,0
DA:130,0
DA:131,0
DA:134,0
DA:135,0
DA:136,0
DA:137,0
DA:141,0
DA:142,0
DA:143,0
DA:144,0
DA:147,0
DA:148,0
DA:149,0
DA:151,0
DA:152,0
DA:153,0
DA:155,0
DA:156,0
DA:157,0
DA:162,0
DA:163,0
DA:166,0
DA:168,0
DA:169,0
DA:170,0
DA:171,0
DA:172,0
DA:175,0
DA:176,0
DA:177,0
DA:178,0
DA:179,0
DA:180,0
DA:181,0
DA:182,0
DA:183,0
DA:186,0
DA:187,0
DA:188,0
DA:189,0
DA:190,0
DA:191,0
DA:192,0
DA:193,0
DA:194,0
DA:196,0
DA:197,0
DA:199,0
DA:200,0
DA:201,0
DA:202,0
DA:203,0
DA:204,0
DA:205,0
DA:206,0
DA:207,0
DA:209,0
DA:210,0
DA:221,0
DA:222,0
DA:223,0
DA:224,0
DA:225,0
DA:226,0
DA:228,0
DA:230,0
DA:231,0
DA:232,0
DA:235,0
DA:236,0
DA:248,0
DA:249,0
DA:253,0
DA:255,0
DA:257,0
DA:258,8
DA:268,7
DA:269,7
DA:270,7
DA:271,7
DA:272,7
DA:273,7
DA:274,7
DA:275,7
DA:277,7
DA:278,7
DA:279,7
DA:280,7
DA:281,7
DA:282,7
DA:283,7
DA:289,7
DA:290,7
DA:291,7
DA:292,7
DA:293,7
DA:294,7
DA:295,7
DA:296,7
DA:297,7
DA:298,7
DA:299,7
DA:300,7
DA:301,7
DA:302,7
DA:303,7
DA:304,7
DA:308,7
DA:309,7
DA:310,7
DA:311,7
DA:312,7
DA:313,7
DA:314,7
DA:315,7
DA:316,7
DA:318,6
DA:319,6
DA:320,6
DA:321,6
DA:322,6
DA:323,6
DA:324,6
DA:325,6
DA:326,6
DA:327,6
DA:328,6
DA:329,6
DA:330,6
DA:331,6
DA:333,5
DA:336,5
DA:337,5
DA:338,5
DA:339,5
DA:340,5
DA:342,7
DA:343,7
DA:344,7
DA:346,1
DA:347,1
DA:348,1
DA:349,1
DA:350,1
DA:351,1
DA:352,7
DA:353,1
DA:354,1
DA:355,1
DA:358,1
DA:359,1
DA:360,1
DA:361,1
DA:362,1
DA:364,1
DA:365,1
DA:366,1
DA:367,1
DA:368,1
DA:369,1
DA:370,1
DA:371,1
DA:373,1
DA:374,1
DA:377,1
DA:378,1
DA:379,1
DA:380,1
DA:381,1
DA:382,1
DA:383,1
DA:385,1
DA:386,1
DA:387,1
DA:388,1
DA:391,1
DA:392,1
DA:393,1
DA:394,1
DA:395,1
DA:396,1
DA:397,1
DA:398,1
DA:400,1
DA:401,1
DA:402,1
DA:403,1
DA:404,1
DA:407,1
DA:408,1
DA:409,1
DA:410,1
DA:411,1
DA:412,1
DA:413,1
DA:415,1
DA:416,1
DA:417,1
DA:418,1
DA:420,1
DA:423,1
DA:424,1
DA:425,1
DA:426,1
DA:427,1
DA:428,1
DA:429,1
DA:430,1
DA:432,1
DA:433,1
DA:434,1
DA:435,1
DA:436,1
DA:442,1
DA:443,1
DA:444,1
DA:445,1
DA:446,1
DA:447,1
DA:448,1
DA:449,1
DA:451,1
DA:452,1
DA:453,1
DA:454,1
DA:455,1
DA:457,1
DA:458,1
DA:459,1
DA:460,1
DA:461,1
DA:462,1
DA:463,1
DA:464,1
DA:466,1
DA:467,1
DA:468,1
DA:469,1
DA:470,1
DA:477,1
DA:478,1
DA:479,1
DA:480,1
DA:481,1
DA:482,1
DA:483,1
DA:485,1
DA:486,1
DA:487,1
DA:490,1
DA:492,1
DA:493,1
DA:494,1
DA:495,1
DA:496,1
DA:497,1
DA:498,1
DA:499,1
DA:501,1
DA:502,1
DA:505,1
DA:506,1
DA:507,1
DA:508,1
DA:513,1
DA:514,1
DA:515,1
DA:516,1
DA:517,1
DA:518,1
DA:519,1
DA:521,1
DA:522,1
DA:523,1
DA:524,1
DA:526,1
DA:527,1
DA:528,1
DA:529,1
DA:530,1
DA:531,1
DA:532,1
DA:533,1
DA:535,1
DA:536,1
DA:537,1
DA:538,1
DA:539,1
DA:546,1
DA:547,1
DA:548,1
DA:549,1
DA:550,1
DA:551,1
DA:552,1
DA:554,1
DA:555,1
DA:556,1
DA:557,1
DA:558,1
DA:560,1
DA:561,1
DA:562,1
DA:563,1
DA:564,1
DA:565,1
DA:566,1
DA:567,1
DA:569,1
DA:570,1
DA:571,1
DA:572,1
DA:573,1
DA:583,1
DA:588,1
DA:589,1
DA:592,1
DA:593,1
DA:596,1
DA:597,1
DA:600,1
DA:601,1
DA:602,1
BRF:0
BRH:0
LF:429
LH:323
end_of_record
SF:/home/runner/work/mostro/mostro/src/app/admin_take_dispute.rs
FN:183,_RNCNCNvNtNtCsawjdjYzw0zz_7mostrod3app18admin_take_dispute25admin_take_dispute_action00B9_
FN:217,_RNCNCNvNtNtCsawjdjYzw0zz_7mostrod3app18admin_take_dispute25admin_take_dispute_action0s0_0B9_
FN:221,_RNCNCNvNtNtCsawjdjYzw0zz_7mostrod3app18admin_take_dispute25admin_take_dispute_action0s1_0B9_
FN:236,_RNCNCNvNtNtCsawjdjYzw0zz_7mostrod3app18admin_take_dispute25admin_take_dispute_action0s2_0B9_
FN:246,_RNCNCNvNtNtCsawjdjYzw0zz_7mostrod3app18admin_take_dispute25admin_take_dispute_action0s3_0B9_
FN:256,_RNCNCNvNtNtCsawjdjYzw0zz_7mostrod3app18admin_take_dispute25admin_take_dispute_action0s4_0B9_
FN:287,_RNCNCNvNtNtCsawjdjYzw0zz_7mostrod3app18admin_take_dispute25admin_take_dispute_action0s5_0B9_
FN:294,_RNCNCNvNtNtCsawjdjYzw0zz_7mostrod3app18admin_take_dispute25admin_take_dispute_action0s6_0B9_
FN:298,_RNCNCNvNtNtCsawjdjYzw0zz_7mostrod3app18admin_take_dispute25admin_take_dispute_action0s7_0B9_
FN:202,_RNCNCNvNtNtCsawjdjYzw0zz_7mostrod3app18admin_take_dispute25admin_take_dispute_action0s_0B9_
FN:44,_RNCNCNvNtNtCsawjdjYzw0zz_7mostrod3app18admin_take_dispute27prepare_solver_info_message00B9_
FN:92,_RNCNvNtNtCsawjdjYzw0zz_7mostrod3app18admin_take_dispute22pubkey_event_can_solve0B7_
FN:154,_RNCNvNtNtCsawjdjYzw0zz_7mostrod3app18admin_take_dispute25admin_take_dispute_action0B7_
FN:40,_RNCNvNtNtCsawjdjYzw0zz_7mostrod3app18admin_take_dispute27prepare_solver_info_message0B7_
FN:86,_RNvNtNtCsawjdjYzw0zz_7mostrod3app18admin_take_dispute22pubkey_event_can_solve
FN:149,_RNvNtNtCsawjdjYzw0zz_7mostrod3app18admin_take_dispute25admin_take_dispute_action
FN:36,_RNvNtNtCsawjdjYzw0zz_7mostrod3app18admin_take_dispute27prepare_solver_info_message
FN:319,_RNCNvNtNtNtCsawjdjYzw0zz_7mostrod3app18admin_take_dispute5tests13insert_solver0B9_
FN:313,_RNCNvNtNtNtCsawjdjYzw0zz_7mostrod3app18admin_take_dispute5tests16create_test_pool0B9_
FN:507,_RNCNvNtNtNtCsawjdjYzw0zz_7mostrod3app18admin_take_dispute5testss_27unknown_pubkey_cannot_solve0B9_
FN:526,_RNCNvNtNtNtCsawjdjYzw0zz_7mostrod3app18admin_take_dispute5testss_28non_solver_user_cannot_solve0B9_
FN:573,_RNCNvNtNtNtCsawjdjYzw0zz_7mostrod3app18admin_take_dispute5testss_36solver_cannot_act_on_settled_dispute0B9_
FN:550,_RNCNvNtNtNtCsawjdjYzw0zz_7mostrod3app18admin_take_dispute5testss_37any_solver_can_take_initiated_dispute0B9_
FN:490,_RNCNvNtNtNtCsawjdjYzw0zz_7mostrod3app18admin_take_dispute5testss_41mostro_admin_cannot_solve_settled_dispute0B9_
FN:645,_RNCNvNtNtNtCsawjdjYzw0zz_7mostrod3app18admin_take_dispute5testss_45takeover_fails_when_current_solver_is_unknown0B9_
FN:673,_RNCNvNtNtNtCsawjdjYzw0zz_7mostrod3app18admin_take_dispute5testss_50admin_take_dispute_action_without_dispute_id_fails0B9_
FN:779,_RNCNvNtNtNtCsawjdjYzw0zz_7mostrod3app18admin_take_dispute5testss_53admin_take_dispute_action_fails_when_order_is_missing0B9_
FN:746,_RNCNvNtNtNtCsawjdjYzw0zz_7mostrod3app18admin_take_dispute5testss_53admin_take_dispute_action_rejects_unauthorized_pubkey0B9_
FN:689,_RNCNvNtNtNtCsawjdjYzw0zz_7mostrod3app18admin_take_dispute5testss_55admin_take_dispute_action_with_unknown_dispute_id_fails0B9_
FN:445,_RNCNvNtNtNtCsawjdjYzw0zz_7mostrod3app18admin_take_dispute5testss_55prepare_solver_info_message_propagates_missing_user_row0B9_
FN:373,_RNCNvNtNtNtCsawjdjYzw0zz_7mostrod3app18admin_take_dispute5testss_55prepare_solver_info_message_seller_dispute_full_privacy0B9_
FN:425,_RNCNvNtNtNtCsawjdjYzw0zz_7mostrod3app18admin_take_dispute5testss_55prepare_solver_info_message_without_dispute_flags_fails0B9_
FN:468,_RNCNvNtNtNtCsawjdjYzw0zz_7mostrod3app18admin_take_dispute5testss_56mostro_admin_can_solve_initiated_and_inprogress_disputes0B9_
FN:619,_RNCNvNtNtNtCsawjdjYzw0zz_7mostrod3app18admin_take_dispute5testss_57currently_assigned_solver_can_continue_inprogress_dispute0B9_
FN:935,_RNCNvNtNtNtCsawjdjYzw0zz_7mostrod3app18admin_take_dispute5testss_58write_solver_cannot_take_over_inprogress_from_write_solver0B9_
FN:712,_RNCNvNtNtNtCsawjdjYzw0zz_7mostrod3app18admin_take_dispute5testss_59admin_take_dispute_action_with_garbage_dispute_status_fails0B9_
FN:863,_RNCNvNtNtNtCsawjdjYzw0zz_7mostrod3app18admin_take_dispute5testss_59write_solver_can_take_over_inprogress_from_read_only_solver0B9_
FN:815,_RNCNvNtNtNtCsawjdjYzw0zz_7mostrod3app18admin_take_dispute5testss_61admin_take_dispute_action_assigns_solver_and_persists_dispute0B9_
FN:398,_RNCNvNtNtNtCsawjdjYzw0zz_7mostrod3app18admin_take_dispute5testss_63prepare_solver_info_message_buyer_dispute_with_identified_buyer0B9_
FN:596,_RNCNvNtNtNtCsawjdjYzw0zz_7mostrod3app18admin_take_dispute5testss_63solver_cannot_act_on_inprogress_dispute_without_assigned_solver0B9_
FN:899,_RNCNvNtNtNtCsawjdjYzw0zz_7mostrod3app18admin_take_dispute5testss_66read_only_solver_cannot_take_over_inprogress_from_read_only_solver0B9_
FN:319,_RNvNtNtNtCsawjdjYzw0zz_7mostrod3app18admin_take_dispute5tests13insert_solver
FN:313,_RNvNtNtNtCsawjdjYzw0zz_7mostrod3app18admin_take_dispute5tests16create_test_pool
FN:361,_RNvNtNtNtCsawjdjYzw0zz_7mostrod3app18admin_take_dispute5tests16take_dispute_msg
FN:337,_RNvNtNtNtCsawjdjYzw0zz_7mostrod3app18admin_take_dispute5tests18create_admin_event
FN:347,_RNvNtNtNtCsawjdjYzw0zz_7mostrod3app18admin_take_dispute5tests20create_dispute_order
FN:325,_RNvNtNtNtCsawjdjYzw0zz_7mostrod3app18admin_take_dispute5tests9build_ctx
FN:507,_RNvNtNtNtCsawjdjYzw0zz_7mostrod3app18admin_take_dispute5testss_27unknown_pubkey_cannot_solve
FN:526,_RNvNtNtNtCsawjdjYzw0zz_7mostrod3app18admin_take_dispute5testss_28non_solver_user_cannot_solve
FN:573,_RNvNtNtNtCsawjdjYzw0zz_7mostrod3app18admin_take_dispute5testss_36solver_cannot_act_on_settled_dispute
FN:550,_RNvNtNtNtCsawjdjYzw0zz_7mostrod3app18admin_take_dispute5testss_37any_solver_can_take_initiated_dispute
FN:490,_RNvNtNtNtCsawjdjYzw0zz_7mostrod3app18admin_take_dispute5testss_41mostro_admin_cannot_solve_settled_dispute
FN:645,_RNvNtNtNtCsawjdjYzw0zz_7mostrod3app18admin_take_dispute5testss_45takeover_fails_when_current_solver_is_unknown
FN:673,_RNvNtNtNtCsawjdjYzw0zz_7mostrod3app18admin_take_dispute5testss_50admin_take_dispute_action_without_dispute_id_fails
FN:779,_RNvNtNtNtCsawjdjYzw0zz_7mostrod3app18admin_take_dispute5testss_53admin_take_dispute_action_fails_when_order_is_missing
FN:746,_RNvNtNtNtCsawjdjYzw0zz_7mostrod3app18admin_take_dispute5testss_53admin_take_dispute_action_rejects_unauthorized_pubkey
FN:689,_RNvNtNtNtCsawjdjYzw0zz_7mostrod3app18admin_take_dispute5testss_55admin_take_dispute_action_with_unknown_dispute_id_fails
FN:445,_RNvNtNtNtCsawjdjYzw0zz_7mostrod3app18admin_take_dispute5testss_55prepare_solver_info_message_propagates_missing_user_row
FN:373,_RNvNtNtNtCsawjdjYzw0zz_7mostrod3app18admin_take_dispute5testss_55prepare_solver_info_message_seller_dispute_full_privacy
FN:425,_RNvNtNtNtCsawjdjYzw0zz_7mostrod3app18admin_take_dispute5testss_55prepare_solver_info_message_without_dispute_flags_fails
FN:468,_RNvNtNtNtCsawjdjYzw0zz_7mostrod3app18admin_take_dispute5testss_56mostro_admin_can_solve_initiated_and_inprogress_disputes
FN:619,_RNvNtNtNtCsawjdjYzw0zz_7mostrod3app18admin_take_dispute5testss_57currently_assigned_solver_can_continue_inprogress_dispute
FN:935,_RNvNtNtNtCsawjdjYzw0zz_7mostrod3app18admin_take_dispute5testss_58write_solver_cannot_take_over_inprogress_from_write_solver
FN:712,_RNvNtNtNtCsawjdjYzw0zz_7mostrod3app18admin_take_dispute5testss_59admin_take_dispute_action_with_garbage_dispute_status_fails
FN:863,_RNvNtNtNtCsawjdjYzw0zz_7mostrod3app18admin_take_dispute5testss_59write_solver_can_take_over_inprogress_from_read_only_solver
FN:815,_RNvNtNtNtCsawjdjYzw0zz_7mostrod3app18admin_take_dispute5testss_61admin_take_dispute_action_assigns_solver_and_persists_dispute
FN:398,_RNvNtNtNtCsawjdjYzw0zz_7mostrod3app18admin_take_dispute5testss_63prepare_solver_info_message_buyer_dispute_with_identified_buyer
FN:596,_RNvNtNtNtCsawjdjYzw0zz_7mostrod3app18admin_take_dispute5testss_63solver_cannot_act_on_inprogress_dispute_without_assigned_solver
FN:899,_RNvNtNtNtCsawjdjYzw0zz_7mostrod3app18admin_take_dispute5testss_66read_only_solver_cannot_take_over_inprogress_from_read_only_solver
FNDA:0,_RNCNCNvNtNtCsawjdjYzw0zz_7mostrod3app18admin_take_dispute25admin_take_dispute_action00B9_
FNDA:0,_RNCNCNvNtNtCsawjdjYzw0zz_7mostrod3app18admin_take_dispute25admin_take_dispute_action0s0_0B9_
FNDA:0,_RNCNCNvNtNtCsawjdjYzw0zz_7mostrod3app18admin_take_dispute25admin_take_dispute_action0s1_0B9_
FNDA:0,_RNCNCNvNtNtCsawjdjYzw0zz_7mostrod3app18admin_take_dispute25admin_take_dispute_action0s2_0B9_
FNDA:0,_RNCNCNvNtNtCsawjdjYzw0zz_7mostrod3app18admin_take_dispute25admin_take_dispute_action0s3_0B9_
FNDA:0,_RNCNCNvNtNtCsawjdjYzw0zz_7mostrod3app18admin_take_dispute25admin_take_dispute_action0s4_0B9_
FNDA:0,_RNCNCNvNtNtCsawjdjYzw0zz_7mostrod3app18admin_take_dispute25admin_take_dispute_action0s5_0B9_
FNDA:1,_RNCNCNvNtNtCsawjdjYzw0zz_7mostrod3app18admin_take_dispute25admin_take_dispute_action0s6_0B9_
FNDA:1,_RNCNCNvNtNtCsawjdjYzw0zz_7mostrod3app18admin_take_dispute25admin_take_dispute_action0s7_0B9_
FNDA:0,_RNCNCNvNtNtCsawjdjYzw0zz_7mostrod3app18admin_take_dispute25admin_take_dispute_action0s_0B9_
FNDA:0,_RNCNCNvNtNtCsawjdjYzw0zz_7mostrod3app18admin_take_dispute27prepare_solver_info_message00B9_
FNDA:16,_RNCNvNtNtCsawjdjYzw0zz_7mostrod3app18admin_take_dispute22pubkey_event_can_solve0B7_
FNDA:8,_RNCNvNtNtCsawjdjYzw0zz_7mostrod3app18admin_take_dispute25admin_take_dispute_action0B7_
FNDA:5,_RNCNvNtNtCsawjdjYzw0zz_7mostrod3app18admin_take_dispute27prepare_solver_info_message0B7_
FNDA:16,_RNvNtNtCsawjdjYzw0zz_7mostrod3app18admin_take_dispute22pubkey_event_can_solve
FNDA:8,_RNvNtNtCsawjdjYzw0zz_7mostrod3app18admin_take_dispute25admin_take_dispute_action
FNDA:5,_RNvNtNtCsawjdjYzw0zz_7mostrod3app18admin_take_dispute27prepare_solver_info_message
FNDA:13,_RNCNvNtNtNtCsawjdjYzw0zz_7mostrod3app18admin_take_dispute5tests13insert_solver0B9_
FNDA:22,_RNCNvNtNtNtCsawjdjYzw0zz_7mostrod3app18admin_take_dispute5tests16create_test_pool0B9_
FNDA:1,_RNCNvNtNtNtCsawjdjYzw0zz_7mostrod3app18admin_take_dispute5testss_27unknown_pubkey_cannot_solve0B9_
FNDA:1,_RNCNvNtNtNtCsawjdjYzw0zz_7mostrod3app18admin_take_dispute5testss_28non_solver_user_cannot_solve0B9_
FNDA:1,_RNCNvNtNtNtCsawjdjYzw0zz_7mostrod3app18admin_take_dispute5testss_36solver_cannot_act_on_settled_dispute0B9_
FNDA:1,_RNCNvNtNtNtCsawjdjYzw0zz_7mostrod3app18admin_take_dispute5testss_37any_solver_can_take_initiated_dispute0B9_
FNDA:1,_RNCNvNtNtNtCsawjdjYzw0zz_7mostrod3app18admin_take_dispute5testss_41mostro_admin_cannot_solve_settled_dispute0B9_
FNDA:1,_RNCNvNtNtNtCsawjdjYzw0zz_7mostrod3app18admin_take_dispute5testss_45takeover_fails_when_current_solver_is_unknown0B9_
FNDA:1,_RNCNvNtNtNtCsawjdjYzw0zz_7mostrod3app18admin_take_dispute5testss_50admin_take_dispute_action_without_dispute_id_fails0B9_
FNDA:1,_RNCNvNtNtNtCsawjdjYzw0zz_7mostrod3app18admin_take_dispute5testss_53admin_take_dispute_action_fails_when_order_is_missing0B9_
FNDA:1,_RNCNvNtNtNtCsawjdjYzw0zz_7mostrod3app18admin_take_dispute5testss_53admin_take_dispute_action_rejects_unauthorized_pubkey0B9_
FNDA:1,_RNCNvNtNtNtCsawjdjYzw0zz_7mostrod3app18admin_take_dispute5testss_55admin_take_dispute_action_with_unknown_dispute_id_fails0B9_
FNDA:1,_RNCNvNtNtNtCsawjdjYzw0zz_7mostrod3app18admin_take_dispute5testss_55prepare_solver_info_message_propagates_missing_user_row0B9_
FNDA:1,_RNCNvNtNtNtCsawjdjYzw0zz_7mostrod3app18admin_take_dispute5testss_55prepare_solver_info_message_seller_dispute_full_privacy0B9_
FNDA:1,_RNCNvNtNtNtCsawjdjYzw0zz_7mostrod3app18admin_take_dispute5testss_55prepare_solver_info_message_without_dispute_flags_fails0B9_
FNDA:1,_RNCNvNtNtNtCsawjdjYzw0zz_7mostrod3app18admin_take_dispute5testss_56mostro_admin_can_solve_initiated_and_inprogress_disputes0B9_
FNDA:1,_RNCNvNtNtNtCsawjdjYzw0zz_7mostrod3app18admin_take_dispute5testss_57currently_assigned_solver_can_continue_inprogress_dispute0B9_
FNDA:1,_RNCNvNtNtNtCsawjdjYzw0zz_7mostrod3app18admin_take_dispute5testss_58write_solver_cannot_take_over_inprogress_from_write_solver0B9_
FNDA:1,_RNCNvNtNtNtCsawjdjYzw0zz_7mostrod3app18admin_take_dispute5testss_59admin_take_dispute_action_with_garbage_dispute_status_fails0B9_
FNDA:1,_RNCNvNtNtNtCsawjdjYzw0zz_7mostrod3app18admin_take_dispute5testss_59write_solver_can_take_over_inprogress_from_read_only_solver0B9_
FNDA:1,_RNCNvNtNtNtCsawjdjYzw0zz_7mostrod3app18admin_take_dispute5testss_61admin_take_dispute_action_assigns_solver_and_persists_dispute0B9_
FNDA:1,_RNCNvNtNtNtCsawjdjYzw0zz_7mostrod3app18admin_take_dispute5testss_63prepare_solver_info_message_buyer_dispute_with_identified_buyer0B9_
FNDA:1,_RNCNvNtNtNtCsawjdjYzw0zz_7mostrod3app18admin_take_dispute5testss_63solver_cannot_act_on_inprogress_dispute_without_assigned_solver0B9_
FNDA:1,_RNCNvNtNtNtCsawjdjYzw0zz_7mostrod3app18admin_take_dispute5testss_66read_only_solver_cannot_take_over_inprogress_from_read_only_solver0B9_
FNDA:13,_RNvNtNtNtCsawjdjYzw0zz_7mostrod3app18admin_take_dispute5tests13insert_solver
FNDA:22,_RNvNtNtNtCsawjdjYzw0zz_7mostrod3app18admin_take_dispute5tests16create_test_pool
FNDA:6,_RNvNtNtNtCsawjdjYzw0zz_7mostrod3app18admin_take_dispute5tests16take_dispute_msg
FNDA:6,_RNvNtNtNtCsawjdjYzw0zz_7mostrod3app18admin_take_dispute5tests18create_admin_event
FNDA:7,_RNvNtNtNtCsawjdjYzw0zz_7mostrod3app18admin_take_dispute5tests20create_dispute_order
FNDA:6,_RNvNtNtNtCsawjdjYzw0zz_7mostrod3app18admin_take_dispute5tests9build_ctx
FNDA:1,_RNvNtNtNtCsawjdjYzw0zz_7mostrod3app18admin_take_dispute5testss_27unknown_pubkey_cannot_solve
FNDA:1,_RNvNtNtNtCsawjdjYzw0zz_7mostrod3app18admin_take_dispute5testss_28non_solver_user_cannot_solve
FNDA:1,_RNvNtNtNtCsawjdjYzw0zz_7mostrod3app18admin_take_dispute5testss_36solver_cannot_act_on_settled_dispute
FNDA:1,_RNvNtNtNtCsawjdjYzw0zz_7mostrod3app18admin_take_dispute5testss_37any_solver_can_take_initiated_dispute
FNDA:1,_RNvNtNtNtCsawjdjYzw0zz_7mostrod3app18admin_take_dispute5testss_41mostro_admin_cannot_solve_settled_dispute
FNDA:1,_RNvNtNtNtCsawjdjYzw0zz_7mostrod3app18admin_take_dispute5testss_45takeover_fails_when_current_solver_is_unknown
FNDA:1,_RNvNtNtNtCsawjdjYzw0zz_7mostrod3app18admin_take_dispute5testss_50admin_take_dispute_action_without_dispute_id_fails
FNDA:1,_RNvNtNtNtCsawjdjYzw0zz_7mostrod3app18admin_take_dispute5testss_53admin_take_dispute_action_fails_when_order_is_missing
FNDA:1,_RNvNtNtNtCsawjdjYzw0zz_7mostrod3app18admin_take_dispute5testss_53admin_take_dispute_action_rejects_unauthorized_pubkey
FNDA:1,_RNvNtNtNtCsawjdjYzw0zz_7mostrod3app18admin_take_dispute5testss_55admin_take_dispute_action_with_unknown_dispute_id_fails
FNDA:1,_RNvNtNtNtCsawjdjYzw0zz_7mostrod3app18admin_take_dispute5testss_55prepare_solver_info_message_propagates_missing_user_row
FNDA:1,_RNvNtNtNtCsawjdjYzw0zz_7mostrod3app18admin_take_dispute5testss_55prepare_solver_info_message_seller_dispute_full_privacy
FNDA:1,_RNvNtNtNtCsawjdjYzw0zz_7mostrod3app18admin_take_dispute5testss_55prepare_solver_info_message_without_dispute_flags_fails
FNDA:1,_RNvNtNtNtCsawjdjYzw0zz_7mostrod3app18admin_take_dispute5testss_56mostro_admin_can_solve_initiated_and_inprogress_disputes
FNDA:1,_RNvNtNtNtCsawjdjYzw0zz_7mostrod3app18admin_take_dispute5testss_57currently_assigned_solver_can_continue_inprogress_dispute
FNDA:1,_RNvNtNtNtCsawjdjYzw0zz_7mostrod3app18admin_take_dispute5testss_58write_solver_cannot_take_over_inprogress_from_write_solver
FNDA:1,_RNvNtNtNtCsawjdjYzw0zz_7mostrod3app18admin_take_dispute5testss_59admin_take_dispute_action_with_garbage_dispute_status_fails
FNDA:1,_RNvNtNtNtCsawjdjYzw0zz_7mostrod3app18admin_take_dispute5testss_59write_solver_can_take_over_inprogress_from_read_only_solver
FNDA:1,_RNvNtNtNtCsawjdjYzw0zz_7mostrod3app18admin_take_dispute5testss_61admin_take_dispute_action_assigns_solver_and_persists_dispute
FNDA:1,_RNvNtNtNtCsawjdjYzw0zz_7mostrod3app18admin_take_dispute5testss_63prepare_solver_info_message_buyer_dispute_with_identified_buyer
FNDA:1,_RNvNtNtNtCsawjdjYzw0zz_7mostrod3app18admin_take_dispute5testss_63solver_cannot_act_on_inprogress_dispute_without_assigned_solver
FNDA:1,_RNvNtNtNtCsawjdjYzw0zz_7mostrod3app18admin_take_dispute5testss_66read_only_solver_cannot_take_over_inprogress_from_read_only_solver
FNF:69
FNH:60
DA:36,5
DA:37,5
DA:38,5
DA:39,5
DA:40,5
DA:42,5
DA:43,5
DA:44,5
DA:47,5
DA:48,1
DA:50,4
DA:52,5
DA:53,1
DA:55,4
DA:59,3
DA:60,4
DA:62,1
DA:63,1
DA:64,1
DA:67,2
DA:68,2
DA:69,2
DA:71,1
DA:75,3
DA:76,3
DA:77,3
DA:78,3
DA:79,3
DA:80,3
DA:83,3
DA:84,5
DA:86,16
DA:87,16
DA:88,16
DA:89,16
DA:90,16
DA:91,16
DA:92,16
DA:93,16
DA:96,16
DA:98,0
DA:101,16
DA:102,3
DA:104,2
DA:105,14
DA:108,14
DA:109,4
DA:111,10
DA:112,0
DA:113,10
DA:116,10
DA:117,3
DA:118,7
DA:121,7
DA:122,1
DA:123,6
DA:126,6
DA:127,1
DA:129,5
DA:130,1
DA:131,4
DA:134,4
DA:135,4
DA:136,4
DA:137,4
DA:138,1
DA:139,3
DA:141,3
DA:143,1
DA:146,2
DA:147,16
DA:149,8
DA:150,8
DA:151,8
DA:152,8
DA:153,8
DA:154,8
DA:155,8
DA:157,8
DA:160,8
DA:163,4
DA:164,3
DA:165,3
DA:166,3
DA:167,3
DA:168,3
DA:169,3
DA:170,3
DA:171,3
DA:174,1
DA:175,2
DA:177,1
DA:181,2
DA:182,2
DA:183,2
DA:185,1
DA:187,1
DA:191,1
DA:192,1
DA:193,1
DA:195,1
DA:198,1
DA:199,1
DA:200,1
DA:201,1
DA:202,1
DA:205,1
DA:208,1
DA:209,1
DA:210,1
DA:211,1
DA:212,1
DA:213,1
DA:215,1
DA:216,1
DA:217,1
DA:219,1
DA:220,1
DA:221,1
DA:225,1
DA:226,1
DA:227,1
DA:228,1
DA:229,1
DA:230,1
DA:231,1
DA:232,1
DA:233,1
DA:234,1
DA:235,1
DA:236,1
DA:239,1
DA:240,1
DA:241,1
DA:242,1
DA:243,1
DA:245,1
DA:246,1
DA:249,1
DA:250,1
DA:251,1
DA:252,1
DA:253,1
DA:255,1
DA:256,1
DA:259,1
DA:260,0
DA:261,1
DA:262,0
DA:266,1
DA:267,1
DA:268,1
DA:269,1
DA:272,1
DA:273,1
DA:274,1
DA:276,1
DA:277,1
DA:278,1
DA:280,1
DA:281,1
DA:282,1
DA:286,1
DA:287,1
DA:288,1
DA:290,1
DA:291,1
DA:292,1
DA:293,1
DA:294,1
DA:295,1
DA:296,1
DA:297,1
DA:298,1
DA:300,0
DA:301,8
DA:313,22
DA:314,22
DA:315,22
[...]
FNDA:1,_RNvNtNtCsawjdjYzw0zz_7mostrod4util5testss_46maker_bond_notional_rejects_non_positive_price
FNDA:1,_RNvNtNtCsawjdjYzw0zz_7mostrod4util5testss_46maker_bond_notional_uses_fixed_amount_directly
FNDA:1,_RNvNtNtCsawjdjYzw0zz_7mostrod4util5testss_46market_quote_converts_fiat_and_applies_premium
FNDA:1,_RNvNtNtCsawjdjYzw0zz_7mostrod4util5testss_48set_waiting_invoice_status_notifies_both_parties
FNDA:1,_RNvNtNtCsawjdjYzw0zz_7mostrod4util5testss_48test_get_order_returns_not_found_when_id_missing
FNDA:1,_RNvNtNtCsawjdjYzw0zz_7mostrod4util5testss_50connect_nostr_builds_client_with_configured_relays
FNDA:1,_RNvNtNtCsawjdjYzw0zz_7mostrod4util5testss_50get_nostr_relays_returns_map_when_client_installed
FNDA:1,_RNvNtNtCsawjdjYzw0zz_7mostrod4util5testss_50maker_bond_notional_range_rejects_non_positive_max
FNDA:1,_RNvNtNtCsawjdjYzw0zz_7mostrod4util5testss_50settle_seller_hold_invoice_success_and_error_paths
FNDA:1,_RNvNtNtCsawjdjYzw0zz_7mostrod4util5testss_50test_get_order_returns_not_found_when_order_absent
FNDA:1,_RNvNtNtCsawjdjYzw0zz_7mostrod4util5testss_51fiat_amount_requested_covers_range_and_fixed_orders
FNDA:1,_RNvNtNtCsawjdjYzw0zz_7mostrod4util5testss_52get_tags_for_new_order_covers_user_and_privacy_paths
FNDA:1,_RNvNtNtCsawjdjYzw0zz_7mostrod4util5testss_52maker_bond_notional_range_sizes_against_max_at_price
FNDA:1,_RNvNtNtCsawjdjYzw0zz_7mostrod4util5testss_52resume_publish_after_maker_bond_claims_and_publishes
FNDA:1,_RNvNtNtCsawjdjYzw0zz_7mostrod4util5testss_54get_nostr_client_succeeds_once_the_global_is_installed
FNDA:1,_RNvNtNtCsawjdjYzw0zz_7mostrod4util5testss_54publish_order_buy_kind_market_priced_sets_buyer_fields
FNDA:1,_RNvNtNtCsawjdjYzw0zz_7mostrod4util5testss_54publish_order_persists_row_and_fails_only_at_broadcast
FNDA:1,_RNvNtNtCsawjdjYzw0zz_7mostrod4util5testss_54test_get_user_orders_by_id_filters_and_preserves_order
FNDA:1,_RNvNtNtCsawjdjYzw0zz_7mostrod4util5testss_56maker_bond_notional_market_path_converts_at_cached_price
FNDA:1,_RNvNtNtCsawjdjYzw0zz_7mostrod4util5testss_58resume_publish_after_maker_bond_skips_when_status_moved_on
FNDA:1,_RNvNtNtCsawjdjYzw0zz_7mostrod4util5testss_66expiration_timestamp_by_kind_uses_config_and_ignores_unknown_kinds
FNDA:0,_RNvXNtNtCsawjdjYzw0zz_7mostrod4util5testsNtB2_10FakeEscrowNtNtB6_6escrow13EscrowBackend19cancel_hold_invoice
FNDA:0,_RNvXNtNtCsawjdjYzw0zz_7mostrod4util5testsNtB2_10FakeEscrowNtNtB6_6escrow13EscrowBackend19create_hold_invoice
FNDA:2,_RNvXNtNtCsawjdjYzw0zz_7mostrod4util5testsNtB2_10FakeEscrowNtNtB6_6escrow13EscrowBackend19settle_hold_invoice
FNF:191
FNH:167
DA:35,11
DA:36,11
DA:37,11
DA:50,4
DA:51,4
DA:52,4
DA:53,4
DA:54,4
DA:56,4
DA:57,4
DA:58,1
DA:59,3
DA:62,3
DA:65,3
DA:66,1
DA:67,2
DA:69,3
DA:70,4
DA:72,6
DA:73,6
DA:75,6
DA:76,6
DA:77,6
DA:90,9
DA:91,9
DA:92,9
DA:93,9
DA:99,5
DA:100,5
DA:101,5
DA:102,5
DA:127,8
DA:128,8
DA:131,8
DA:132,8
DA:133,8
DA:134,2
DA:135,1
DA:136,1
DA:137,2
DA:138,6
DA:139,6
DA:140,6
DA:141,6
DA:142,8
DA:143,8
DA:166,54
DA:167,54
DA:170,54
DA:171,54
DA:172,49
DA:173,5
DA:174,0
DA:179,5
DA:184,0
DA:185,0
DA:189,0
DA:190,5
DA:192,54
DA:220,9
DA:221,9
DA:222,9
DA:223,9
DA:224,9
DA:225,9
DA:226,9
DA:227,9
DA:228,9
DA:229,3
DA:231,3
DA:232,3
DA:233,3
DA:234,3
DA:239,6
DA:240,5
DA:242,1
DA:246,9
DA:282,5
DA:283,5
DA:284,5
DA:285,5
DA:286,5
DA:287,5
DA:288,5
DA:289,5
DA:290,5
DA:291,5
DA:293,5
DA:294,5
DA:295,5
DA:296,5
DA:297,5
DA:298,5
DA:300,5
DA:302,4
DA:303,1
DA:304,1
DA:316,4
DA:317,4
DA:318,0
DA:319,0
DA:320,0
DA:321,0
DA:322,0
DA:323,0
DA:324,0
DA:325,0
DA:326,0
DA:327,0
DA:328,0
DA:329,0
DA:330,0
DA:331,0
DA:333,0
DA:342,0
DA:347,0
DA:348,0
DA:349,0
DA:350,0
DA:351,0
DA:353,0
DA:357,0
DA:358,0
DA:359,0
DA:360,0
DA:361,4
DA:364,4
DA:365,4
DA:366,4
DA:367,4
DA:368,4
DA:370,4
DA:371,4
DA:372,4
DA:373,4
DA:374,4
DA:375,4
DA:376,4
DA:377,4
DA:378,4
DA:379,4
DA:380,5
DA:396,6
DA:398,6
DA:404,3
DA:405,1
DA:406,1
DA:407,1
DA:408,1
DA:409,2
DA:410,2
DA:411,1
DA:412,1
DA:413,1
DA:414,1
DA:415,3
DA:416,3
DA:417,1
DA:418,2
DA:419,2
DA:420,2
DA:421,1
DA:422,1
DA:423,1
DA:424,1
DA:425,6
DA:434,6
DA:435,6
DA:436,6
DA:437,6
DA:438,6
DA:439,6
DA:440,6
DA:441,6
DA:442,6
DA:443,6
DA:446,6
DA:450,6
DA:451,6
DA:453,6
DA:454,6
DA:456,0
DA:459,6
DA:460,6
DA:461,6
DA:463,6
DA:465,6
DA:466,6
DA:467,6
DA:468,6
DA:469,6
DA:470,6
DA:473,6
DA:474,6
DA:475,6
DA:476,6
DA:477,6
DA:478,6
DA:479,6
DA:480,6
DA:481,6
DA:483,6
DA:484,6
DA:485,6
DA:486,6
DA:487,6
DA:488,6
DA:489,6
DA:490,6
DA:500,4
DA:501,4
DA:502,4
DA:503,4
DA:504,4
DA:505,4
DA:515,4
DA:516,4
DA:517,4
DA:518,4
DA:519,4
DA:520,4
DA:521,4
DA:522,4
DA:523,1
DA:527,1
DA:528,3
DA:529,3
DA:530,3
DA:532,1
DA:533,1
DA:534,1
DA:535,1
DA:536,1
DA:539,2
DA:540,1
DA:541,1
DA:544,2
DA:545,2
DA:546,2
DA:547,2
DA:548,2
DA:549,2
DA:550,2
DA:551,2
DA:552,2
DA:553,2
DA:554,4
DA:556,5
DA:557,5
DA:558,5
DA:559,5
DA:560,5
DA:561,5
DA:562,5
DA:563,5
DA:566,5
DA:567,5
DA:568,4
DA:569,4
DA:570,4
DA:573,5
DA:576,5
DA:577,5
DA:578,5
DA:579,5
DA:580,5
DA:581,5
DA:582,5
DA:583,5
DA:584,5
DA:585,5
DA:586,5
DA:587,5
DA:588,5
DA:589,5
DA:590,5
DA:591,5
DA:592,5
DA:593,5
DA:594,5
DA:595,5
DA:596,5
DA:598,4
DA:599,1
DA:600,1
DA:601,1
DA:602,1
DA:603,1
DA:604,1
DA:605,3
DA:606,3
DA:607,3
DA:608,3
DA:609,3
DA:610,3
DA:612,1
DA:617,4
DA:618,4
DA:619,5
DA:636,391
DA:637,391
DA:638,391
DA:639,361
DA:640,5
DA:641,9
DA:642,1
DA:643,1
DA:644,391
DA:646,391
DA:648,383
DA:649,383
DA:650,383
DA:651,383
DA:652,383
DA:653,383
DA:654,383
DA:656,0
DA:657,0
DA:659,383
DA:660,383
DA:667,383
DA:673,383
DA:678,383
DA:679,0
DA:680,0
DA:681,383
DA:687,383
DA:688,383
DA:689,383
DA:690,383
DA:691,383
DA:692,383
DA:693,383
DA:694,383
DA:695,383
DA:696,383
DA:697,383
DA:698,383
DA:699,383
DA:701,379
DA:704,0
DA:708,379
DA:709,369
DA:710,369
DA:711,369
DA:712,369
DA:713,10
DA:715,10
DA:716,383
DA:735,4
DA:736,4
DA:737,4
DA:738,4
DA:740,4
DA:741,1
DA:742,3
DA:745,4
DA:748,4
DA:751,1
DA:752,1
DA:753,1
DA:754,1
DA:756,1
DA:757,1
DA:758,1
DA:760,1
DA:761,1
DA:762,1
DA:764,1
DA:765,1
DA:766,1
DA:768,1
DA:769,1
DA:770,1
DA:771,1
DA:773,1
DA:774,1
DA:775,1
DA:780,1
DA:781,1
DA:782,1
DA:783,1
DA:784,1
DA:785,1
DA:787,1
DA:790,1
DA:791,1
DA:792,1
DA:793,1
DA:796,1
DA:797,1
DA:798,1
DA:799,1
DA:801,0
DA:806,0
DA:807,4
DA:809,14
DA:810,14
DA:812,14
DA:813,14
DA:814,0
DA:815,0
DA:816,0
DA:819,14
DA:822,3
DA:823,3
DA:824,3
DA:825,3
DA:826,3
DA:827,3
DA:828,3
DA:829,3
DA:830,3
DA:832,3
DA:835,3
DA:836,3
DA:838,3
DA:839,2
DA:840,2
DA:841,3
DA:842,1
DA:843,2
DA:844,3
DA:847,2
DA:848,2
DA:849,3
DA:851,27
DA:852,27
DA:853,27
DA:854,27
DA:859,27
DA:860,9
DA:861,6
DA:862,6
DA:863,6
DA:864,3
DA:865,3
DA:866,3
DA:869,8
DA:870,6
DA:871,6
DA:872,6
DA:873,2
DA:874,2
DA:875,2
DA:878,8
DA:879,1
DA:880,1
DA:881,1
DA:882,1
DA:883,1
DA:885,7
DA:886,6
DA:888,1
DA:893,18
DA:895,27
DA:897,27
DA:898,27
DA:899,27
DA:900,27
DA:901,27
DA:902,27
DA:904,27
DA:907,27
DA:910,25
DA:911,25
DA:913,16
DA:914,16
DA:916,16
DA:919,16
DA:921,16
DA:922,7
DA:923,7
DA:924,0
DA:925,9
DA:926,9
DA:928,25
DA:931,0
DA:934,25
DA:935,27
DA:937,1
DA:938,1
DA:940,1
DA:943,1
DA:944,1
DA:945,1
DA:948,1
DA:951,1
DA:952,1
DA:953,1
DA:954,1
DA:955,1
DA:959,1
DA:961,1
DA:962,1
DA:964,5
DA:965,5
DA:966,5
DA:967,5
DA:968,5
DA:969,5
DA:970,5
DA:971,5
DA:972,5
DA:975,0
DA:978,0
DA:979,0
DA:980,0
DA:981,0
DA:982,0
DA:983,0
DA:985,0
DA:986,0
DA:988,0
DA:989,0
DA:990,0
DA:991,0
DA:992,0
DA:995,0
DA:996,0
DA:997,0
DA:998,0
DA:999,0
DA:1002,0
DA:1003,0
DA:1004,0
DA:1005,0
DA:1006,0
DA:1007,0
DA:1008,0
DA:1009,0
DA:1010,0
DA:1011,0
DA:1013,0
DA:1014,0
DA:1015,0
DA:1017,0
DA:1020,0
DA:1021,0
DA:1022,0
DA:1023,0
DA:1024,0
DA:1025,0
DA:1026,0
DA:1027,0
DA:1028,0
DA:1029,0
DA:1030,0
DA:1031,0
DA:1032,0
DA:1035,0
DA:1036,0
DA:1037,0
DA:1038,0
DA:1039,0
DA:1040,0
DA:1041,0
DA:1042,0
DA:1043,0
DA:1045,0
DA:1047,0
DA:1048,5
DA:1051,1
DA:1052,1
DA:1053,0
DA:1055,0
DA:1056,0
DA:1057,0
DA:1058,0
DA:1059,0
DA:1060,0
DA:1061,0
DA:1063,0
DA:1066,0
DA:1068,0
DA:1069,0
DA:1071,0
DA:1072,0
DA:1074,0
DA:1075,0
DA:1076,0
DA:1077,0
DA:1078,0
DA:1079,0
DA:1082,0
DA:1083,0
DA:1085,0
DA:1087,0
DA:1089,0
DA:1090,0
DA:1091,0
DA:1092,0
DA:1094,0
DA:1095,0
DA:1096,0
DA:1098,0
DA:1101,0
DA:1103,0
DA:1104,0
DA:1105,1
DA:1115,1
DA:1116,1
DA:1117,1
DA:1118,1
DA:1119,1
DA:1121,1
DA:1122,1
DA:1124,1
DA:1125,1
DA:1128,3
DA:1129,3
DA:1130,3
DA:1131,3
DA:1132,3
DA:1133,3
DA:1134,3
DA:1135,3
DA:1139,3
DA:1141,3
DA:1142,3
DA:1143,3
DA:1144,3
DA:1145,3
DA:1146,3
DA:1147,3
DA:1148,3
DA:1149,3
DA:1150,3
DA:1151,3
DA:1152,3
DA:1153,3
DA:1154,3
DA:1155,3
DA:1156,3
DA:1159,3
DA:1160,3
DA:1161,3
DA:1162,3
DA:1163,3
DA:1164,3
DA:1165,3
DA:1166,3
DA:1167,3
DA:1170,3
DA:1171,3
DA:1172,3
DA:1173,3
DA:1174,3
DA:1175,3
DA:1176,3
DA:1177,3
DA:1178,3
DA:1179,3
DA:1181,3
DA:1182,3
DA:1185,1
DA:1186,1
DA:1187,1
DA:1188,1
DA:1189,1
DA:1190,1
DA:1193,1
DA:1194,1
DA:1195,1
DA:1196,1
DA:1197,1
DA:1198,1
DA:1199,1
DA:1200,1
DA:1201,1
DA:1203,1
DA:1204,1
DA:1205,1
DA:1206,1
DA:1207,1
DA:1208,1
DA:1209,1
DA:1210,1
DA:1211,1
DA:1213,1
DA:1214,1
DA:1218,10
DA:1219,10
DA:1220,10
DA:1221,10
DA:1222,10
DA:1223,10
DA:1224,10
DA:1226,10
DA:1227,10
DA:1228,10
DA:1229,10
DA:1231,10
DA:1233,10
DA:1234,1
DA:1235,9
DA:1238,9
DA:1239,7
DA:1240,5
DA:1242,2
DA:1244,5
DA:1245,10
DA:1247,14
DA:1248,388
DA:1249,388
DA:1250,388
DA:1251,388
DA:1252,14
DA:1254,3
DA:1255,3
DA:1256,3
DA:1257,3
DA:1258,3
DA:1259,3
DA:1261,3
DA:1262,3
DA:1263,3
DA:1264,3
DA:1265,3
DA:1266,3
DA:1267,3
DA:1269,4
DA:1271,4
DA:1272,4
DA:1273,4
DA:1274,4
DA:1275,4
DA:1276,4
DA:1277,4
DA:1279,99
DA:1280,99
DA:1281,99
DA:1282,99
DA:1283,99
DA:1284,99
DA:1285,99
DA:1286,99
DA:1288,99
DA:1289,99
DA:1290,99
DA:1291,99
DA:1292,99
DA:1293,99
DA:1294,99
DA:1296,10
DA:1299,10
DA:1300,5
DA:1301,2
DA:1302,2
DA:1303,1
DA:1304,1
DA:1307,3
DA:1311,5
DA:1313,10
DA:1316,407
DA:1317,407
DA:1318,385
DA:1320,22
DA:1321,22
DA:1322,22
DA:1324,407
DA:1327,12
DA:1328,12
DA:1329,12
DA:1331,0
DA:1333,12
DA:1335,11
DA:1336,11
DA:1337,11
DA:1338,11
DA:1339,11
DA:1340,9
DA:1341,9
DA:1342,9
DA:1343,9
DA:1344,5
DA:1346,4
DA:1348,11
DA:1350,113
DA:1351,113
DA:1352,113
DA:1353,112
DA:1354,112
DA:1355,112
DA:1356,104
DA:1357,88
DA:1359,16
DA:1361,113
DA:1378,4
DA:1379,4
DA:1380,4
DA:1381,4
DA:1382,4
DA:1384,4
DA:1385,1
DA:1386,3
DA:1388,3
DA:1391,3
DA:1392,7
DA:1393,7
DA:1394,7
DA:1397,3
DA:1398,3
DA:1399,3
DA:1400,3
DA:1401,3
DA:1402,3
DA:1405,3
DA:1406,7
DA:1407,7
DA:1408,7
DA:1409,7
DA:1410,7
DA:1411,7
DA:1412,3
DA:1414,3
DA:1415,3
DA:1416,3
DA:1417,3
DA:1418,3
DA:1420,3
DA:1421,4
DA:1423,16
DA:1425,16
DA:1427,16
DA:1430,2
DA:1433,2
DA:1434,2
DA:1435,2
DA:1436,2
DA:1438,2
DA:1439,2
DA:1441,1
DA:1444,1
DA:1445,1
DA:1446,1
DA:1447,14
DA:1448,15
DA:1449,16
DA:1451,10
DA:1452,10
DA:1453,10
DA:1454,10
DA:1456,10
DA:1458,10
DA:1459,2
DA:1460,8
DA:1463,10
DA:1464,9
DA:1465,1
DA:1468,9
DA:1469,5
DA:1470,5
DA:1471,5
DA:1472,5
DA:1473,5
DA:1474,5
DA:1475,5
DA:1477,4
DA:1478,4
DA:1479,4
DA:1480,4
DA:1481,4
DA:1485,9
DA:1488,9
DA:1490,6
DA:1492,5
DA:1493,5
DA:1498,1
DA:1502,2
DA:1504,1
DA:1505,1
DA:1508,1
DA:1512,1
DA:1516,6
DA:1517,6
DA:1518,6
DA:1519,6
DA:1520,6
DA:1521,6
DA:1522,6
DA:1523,6
DA:1524,6
DA:1525,6
DA:1526,6
DA:1527,6
DA:1528,6
DA:1529,10
DA:1544,10
DA:1545,10
DA:1547,1
DA:1548,10
DA:1553,1
DA:1558,1
DA:1559,1
DA:1560,1
DA:1561,1
DA:1562,1
DA:1563,1
DA:1565,1
DA:1566,1
DA:1569,1
DA:1570,1
DA:1571,1
DA:1576,1
DA:1579,1
DA:1580,6
DA:1581,1
DA:1582,1
DA:1583,1
DA:1584,1
DA:1585,1
DA:1586,1
DA:1587,1
DA:1588,6
DA:1589,6
DA:1591,1
DA:1593,5
DA:1594,5
DA:1595,5
DA:1596,5
DA:1597,5
DA:1598,5
DA:1600,5
DA:1601,5
DA:1602,5
DA:1603,5
DA:1604,5
DA:1605,5
DA:1606,5
DA:1607,5
DA:1608,5
DA:1609,5
DA:1610,5
DA:1611,5
DA:1612,5
DA:1613,5
DA:1615,5
DA:1616,5
DA:1618,4
DA:1619,4
DA:1620,4
DA:1621,4
DA:1622,4
DA:1623,4
DA:1624,4
DA:1625,4
DA:1626,4
DA:1627,4
DA:1628,4
DA:1629,4
DA:1630,4
DA:1631,4
DA:1632,4
DA:1633,4
DA:1634,4
DA:1635,4
DA:1636,4
DA:1637,4
DA:1638,4
DA:1639,4
DA:1640,4
DA:1641,4
DA:1642,4
DA:1643,4
DA:1644,4
DA:1645,4
DA:1646,4
DA:1647,4
DA:1648,4
DA:1649,4
DA:1650,4
DA:1651,4
DA:1652,4
DA:1653,4
DA:1654,4
DA:1655,4
DA:1656,4
DA:1657,4
DA:1658,4
DA:1659,4
DA:1660,4
DA:1661,4
DA:1662,4
DA:1665,1
DA:1666,1
DA:1667,1
DA:1668,1
DA:1669,1
DA:1670,1
DA:1689,1
DA:1690,1
DA:1693,1
DA:1695,1
DA:1696,1
DA:1699,1
DA:1700,1
DA:1704,1
DA:1705,1
DA:1708,1
DA:1709,1
DA:1710,1
DA:1711,1
DA:1712,1
DA:1713,1
DA:1716,1
DA:1717,1
DA:1719,1
DA:1720,1
DA:1721,1
DA:1722,1
DA:1723,1
DA:1724,1
DA:1725,1
DA:1726,1
DA:1727,1
DA:1728,1
DA:1729,1
DA:1732,1
DA:1733,1
DA:1734,1
DA:1737,1
DA:1738,1
DA:1739,1
DA:1740,1
DA:1741,1
DA:1742,1
DA:1743,1
DA:1744,1
DA:1745,1
DA:1746,1
DA:1747,1
DA:1748,1
DA:1749,1
DA:1750,1
DA:1751,1
DA:1752,1
DA:1753,1
DA:1754,1
DA:1755,1
DA:1758,1
DA:1759,1
DA:1760,1
DA:1761,1
DA:1762,1
DA:1764,1
DA:1765,1
DA:1766,1
DA:1768,1
DA:1769,1
DA:1770,1
DA:1771,1
DA:1772,1
DA:1773,1
DA:1774,1
DA:1775,1
DA:1776,1
DA:1777,1
DA:1778,1
DA:1779,1
DA:1780,1
DA:1781,1
DA:1782,1
DA:1783,1
DA:1784,1
DA:1785,1
DA:1786,1
DA:1787,1
DA:1788,1
DA:1789,1
DA:1790,1
DA:1791,1
DA:1793,1
DA:1795,1
DA:1796,1
DA:1797,1
DA:1799,1
DA:1800,1
DA:1801,1
DA:1802,1
DA:1805,1
DA:1806,1
DA:1807,1
DA:1808,1
DA:1810,1
DA:1811,1
DA:1812,1
DA:1814,1
DA:1815,1
DA:1818,1
DA:1819,1
DA:1820,1
DA:1821,1
DA:1822,1
DA:1823,1
DA:1824,1
DA:1825,1
DA:1826,1
DA:1827,1
DA:1829,1
DA:1830,1
DA:1831,1
DA:1832,1
DA:1833,1
DA:1834,1
DA:1837,1
DA:1838,1
DA:1839,1
DA:1840,1
DA:1841,1
DA:1842,1
DA:1843,1
DA:1844,1
DA:1845,1
DA:1846,1
DA:1847,1
DA:1849,1
DA:1850,1
DA:1851,1
DA:1852,1
DA:1853,1
DA:1854,1
DA:1857,1
DA:1858,1
DA:1859,1
DA:1860,1
DA:1861,1
DA:1862,1
DA:1864,1
DA:1865,1
DA:1866,1
DA:1867,1
DA:1868,1
DA:1869,1
DA:1870,1
DA:1872,1
DA:1873,1
DA:1874,1
DA:1877,1
DA:1879,1
DA:1880,1
DA:1881,1
DA:1884,1
DA:1886,1
DA:1887,1
DA:1888,1
DA:1891,1
DA:1892,1
DA:1893,1
DA:1894,1
DA:1897,1
DA:1899,1
DA:1900,1
DA:1901,1
DA:1904,1
DA:1908,1
DA:1909,1
DA:1910,1
DA:1911,1
DA:1912,1
DA:1913,1
DA:1914,1
DA:1915,1
DA:1918,1
DA:1922,1
DA:1923,1
DA:1924,1
DA:1925,1
DA:1926,1
DA:1927,1
DA:1928,1
DA:1929,1
DA:1930,1
DA:1931,1
DA:1932,1
DA:1933,1
DA:1936,1
DA:1941,1
DA:1942,1
DA:1943,1
DA:1944,1
DA:1945,1
DA:1946,1
DA:1947,1
DA:1948,1
DA:1949,1
DA:1950,1
DA:1951,1
DA:1952,1
DA:1955,1
DA:1961,20
DA:1962,20
DA:1963,20
DA:1964,20
DA:1967,9
DA:1968,9
DA:1969,9
DA:1970,9
DA:1971,9
DA:1972,9
DA:1973,9
DA:1974,9
DA:1975,9
DA:1977,4
DA:1978,4
DA:1979,4
DA:1980,4
DA:1981,4
DA:1982,4
DA:1983,4
DA:1984,4
DA:1985,4
DA:1986,4
DA:1987,4
DA:1988,4
DA:1989,4
DA:1990,4
DA:1992,23
DA:1993,23
DA:1994,23
DA:1995,23
DA:1996,23
DA:1997,23
DA:1998,23
DA:1999,23
DA:2000,23
DA:2001,23
DA:2002,23
DA:2003,23
DA:2004,23
DA:2005,23
DA:2006,23
DA:2016,1
DA:2017,1
DA:2018,0
DA:2019,0
DA:2020,1
DA:2021,1
DA:2029,1
DA:2030,1
DA:2031,1
DA:2032,1
DA:2033,1
DA:2034,1
DA:2037,1
DA:2043,1
DA:2044,1
DA:2045,1
DA:2046,1
DA:2047,1
DA:2048,1
DA:2049,1
DA:2050,1
DA:2051,1
DA:2052,1
DA:2053,1
DA:2054,1
DA:2055,1
DA:2056,1
DA:2057,1
DA:2062,1
DA:2063,1
DA:2065,1
DA:2067,1
DA:2068,1
DA:2071,1
DA:2072,1
DA:2073,1
DA:2074,1
DA:2075,1
DA:2078,1
DA:2081,1
DA:2082,1
DA:2083,1
DA:2084,1
DA:2085,1
DA:2087,1
DA:2088,1
DA:2089,1
DA:2092,1
DA:2093,1
DA:2095,1
DA:2096,1
DA:2099,1
DA:2100,1
DA:2101,1
DA:2102,1
DA:2103,1
DA:2104,1
DA:2105,1
DA:2106,1
DA:2108,1
DA:2109,1
DA:2112,1
DA:2113,1
DA:2115,1
DA:2116,1
DA:2117,1
DA:2118,1
DA:2119,1
DA:2120,1
DA:2121,1
DA:2122,1
DA:2126,1
DA:2127,1
DA:2128,1
DA:2129,1
DA:2130,1
DA:2131,1
DA:2132,1
DA:2133,1
DA:2134,1
DA:2137,1
DA:2142,1
DA:2143,1
DA:2144,1
DA:2146,1
DA:2147,1
DA:2150,1
DA:2151,1
DA:2154,1
DA:2155,1
DA:2156,1
DA:2159,1
DA:2160,1
DA:2161,1
DA:2163,1
DA:2164,1
DA:2165,1
DA:2166,1
DA:2168,1
DA:2169,1
DA:2174,1
DA:2175,1
DA:2176,1
DA:2177,1
DA:2178,1
DA:2179,1
DA:2180,1
DA:2183,1
DA:2184,1
DA:2185,1
DA:2186,1
DA:2187,1
DA:2190,1
DA:2191,1
DA:2192,1
DA:2193,1
DA:2194,1
DA:2197,1
DA:2198,1
DA:2199,1
DA:2200,1
DA:2201,1
DA:2202,1
DA:2203,1
DA:2204,1
DA:2205,1
DA:2208,1
DA:2209,1
DA:2210,1
DA:2211,1
DA:2212,1
DA:2213,1
DA:2214,1
DA:2215,1
DA:2216,1
DA:2217,1
DA:2218,1
DA:2219,1
DA:2220,1
DA:2224,1
DA:2225,1
DA:2226,1
DA:2227,1
DA:2228,1
DA:2229,1
DA:2230,1
DA:2231,1
DA:2232,1
DA:2233,1
DA:2234,1
DA:2235,1
DA:2236,1
DA:2241,1
DA:2242,1
DA:2243,1
DA:2244,1
DA:2245,1
DA:2246,1
DA:2247,1
DA:2248,1
DA:2249,1
DA:2252,1
DA:2253,1
DA:2254,1
DA:2255,1
DA:2256,1
DA:2257,1
DA:2258,1
DA:2259,1
DA:2260,1
DA:2261,1
DA:2262,1
DA:2263,1
DA:2264,1
DA:2265,1
DA:2266,1
DA:2268,1
DA:2269,1
DA:2270,1
DA:2271,1
DA:2272,1
DA:2273,1
DA:2274,1
DA:2275,1
DA:2276,1
DA:2277,1
DA:2278,1
DA:2279,1
DA:2280,1
DA:2284,1
DA:2285,1
DA:2286,1
DA:2287,1
DA:2288,1
DA:2289,1
DA:2290,1
DA:2291,1
DA:2292,1
DA:2295,1
DA:2296,1
DA:2297,1
DA:2298,1
DA:2299,1
DA:2300,1
DA:2301,1
DA:2302,1
DA:2303,1
DA:2304,1
DA:2305,1
DA:2306,1
DA:2308,1
DA:2309,1
DA:2310,1
DA:2311,1
DA:2312,1
DA:2313,1
DA:2316,1
DA:2317,1
DA:2318,1
DA:2319,1
DA:2320,1
DA:2323,1
DA:2324,1
DA:2325,1
DA:2326,1
DA:2327,1
DA:2329,1
DA:2331,1
DA:2332,1
DA:2335,1
DA:2336,1
DA:2337,1
DA:2338,1
DA:2339,1
DA:2340,1
DA:2343,1
DA:2344,1
DA:2345,1
DA:2346,1
DA:2347,1
DA:2349,1
DA:2350,1
DA:2351,1
DA:2352,1
DA:2353,1
DA:2355,1
DA:2356,1
DA:2357,1
DA:2358,1
DA:2359,1
DA:2360,1
DA:2363,1
DA:2364,1
DA:2365,1
DA:2366,1
DA:2369,1
DA:2370,1
DA:2371,1
DA:2372,1
DA:2373,1
DA:2374,1
DA:2375,1
DA:2380,1
DA:2381,1
DA:2382,1
DA:2383,1
DA:2384,1
DA:2387,1
DA:2388,1
DA:2389,1
DA:2390,1
DA:2391,1
DA:2392,1
DA:2393,1
DA:2394,1
DA:2397,1
DA:2398,1
DA:2399,1
DA:2400,1
DA:2401,1
DA:2402,1
DA:2403,1
DA:2404,1
DA:2405,1
DA:2408,1
DA:2409,1
DA:2410,1
DA:2411,1
DA:2412,1
DA:2413,1
DA:2416,1
DA:2417,1
DA:2418,1
DA:2419,1
DA:2420,1
DA:2421,1
DA:2422,1
DA:2423,1
DA:2424,1
DA:2429,1
DA:2430,1
DA:2431,1
DA:2432,1
DA:2433,1
DA:2434,1
DA:2439,1
DA:2440,1
DA:2441,1
DA:2442,1
DA:2443,1
DA:2444,1
DA:2445,1
DA:2446,1
DA:2449,1
DA:2450,1
DA:2451,1
DA:2452,1
DA:2455,1
DA:2456,1
DA:2457,1
DA:2458,1
DA:2459,1
DA:2460,1
DA:2461,1
DA:2462,1
DA:2463,1
DA:2464,1
DA:2467,1
DA:2468,1
DA:2469,1
DA:2472,1
DA:2473,1
DA:2474,1
DA:2475,1
DA:2480,1
DA:2481,1
DA:2482,1
DA:2483,1
DA:2484,1
DA:2485,1
DA:2487,1
DA:2488,1
DA:2489,1
DA:2492,1
DA:2493,1
DA:2494,1
DA:2495,1
DA:2500,1
DA:2501,1
DA:2502,1
DA:2503,1
DA:2504,1
DA:2506,1
DA:2507,1
DA:2508,1
DA:2509,1
DA:2510,1
DA:2513,1
DA:2514,1
DA:2515,1
DA:2516,1
DA:2517,1
DA:2518,1
DA:2519,1
DA:2520,1
DA:2523,1
DA:2528,1
DA:2529,1
DA:2530,1
DA:2531,1
DA:2532,1
DA:2546,0
DA:2548,0
DA:2550,2
DA:2558,2
DA:2560,0
DA:2562,0
DA:2565,4
DA:2566,4
DA:2567,4
DA:2568,4
DA:2569,4
DA:2570,4
DA:2571,4
DA:2572,4
DA:2573,4
DA:2576,1
DA:2577,1
DA:2578,1
DA:2579,1
DA:2580,1
DA:2583,1
DA:2584,1
DA:2585,1
DA:2586,1
DA:2587,1
DA:2588,1
DA:2592,1
DA:2593,1
DA:2594,1
DA:2595,1
DA:2596,1
DA:2597,1
DA:2600,1
DA:2601,1
DA:2602,1
DA:2603,1
DA:2604,1
DA:2605,1
DA:2606,1
DA:2607,1
DA:2608,1
DA:2609,1
DA:2610,1
DA:2611,1
DA:2612,1
DA:2615,1
DA:2616,1
DA:2617,1
DA:2618,1
DA:2619,1
DA:2620,1
DA:2621,1
DA:2622,1
DA:2627,1
DA:2628,1
DA:2631,1
DA:2632,1
DA:2635,1
DA:2636,1
DA:2637,1
DA:2638,1
DA:2639,1
DA:2640,1
DA:2641,1
DA:2642,1
DA:2645,1
DA:2646,1
DA:2647,1
DA:2648,1
DA:2649,1
DA:2650,1
DA:2651,1
DA:2652,1
DA:2653,1
DA:2654,1
DA:2655,1
DA:2656,1
DA:2657,1
DA:2658,1
DA:2659,1
DA:2660,1
DA:2661,1
DA:2662,1
DA:2663,1
DA:2664,1
DA:2665,1
DA:2666,1
DA:2669,1
DA:2670,1
DA:2671,1
DA:2672,1
DA:2673,1
DA:2676,1
DA:2677,1
DA:2680,1
DA:2681,1
DA:2682,1
DA:2683,1
DA:2684,1
DA:2685,1
DA:2686,1
DA:2687,1
DA:2688,1
DA:2689,1
DA:2691,1
DA:2692,1
DA:2695,1
DA:2696,1
DA:2697,1
DA:2698,1
DA:2699,1
DA:2700,1
DA:2701,1
DA:2703,1
DA:2704,1
DA:2709,1
DA:2710,1
DA:2711,1
DA:2712,1
DA:2713,1
DA:2714,1
DA:2717,1
DA:2718,1
DA:2719,1
DA:2723,1
DA:2724,1
DA:2725,1
DA:2726,1
DA:2729,1
DA:2730,1
DA:2733,1
DA:2734,1
DA:2735,1
DA:2738,1
DA:2739,1
DA:2740,1
DA:2741,1
DA:2744,1
DA:2745,1
DA:2746,1
DA:2747,1
DA:2748,1
DA:2753,1
DA:2754,1
DA:2755,1
DA:2756,1
DA:2757,1
DA:2758,1
DA:2759,1
DA:2760,1
DA:2765,1
DA:2767,1
DA:2768,1
DA:2769,1
DA:2772,1
DA:2773,1
DA:2774,1
DA:2775,1
DA:2776,1
DA:2777,1
DA:2778,1
DA:2779,1
DA:2780,1
DA:2782,1
DA:2785,1
DA:2786,1
DA:2787,1
BRF:0
BRH:0
LF:1905
LH:1741
end_of_record